2021-08-08 00:00:06 [DEBUG] com.zaxxer.hikari.pool.HikariPool - HikariPool-1 - Pool stats (total=10, active=0, idle=10, waiting=0)
2021-08-08 00:00:06 [DEBUG] com.zaxxer.hikari.pool.HikariPool - HikariPool-1 - Fill pool skipped, pool is at sufficient level.
2021-08-08 00:00:36 [DEBUG] com.zaxxer.hikari.pool.HikariPool - HikariPool-1 - Pool stats (total=10, active=0, idle=10, waiting=0)
2021-08-08 00:00:36 [DEBUG] com.zaxxer.hikari.pool.HikariPool - HikariPool-1 - Fill pool skipped, pool is at sufficient level.
2021-08-08 00:01:06 [DEBUG] com.zaxxer.hikari.pool.HikariPool - HikariPool-1 - Pool stats (total=10, active=0, idle=10, waiting=0)
2021-08-08 00:01:06 [DEBUG] com.zaxxer.hikari.pool.HikariPool - HikariPool-1 - Fill pool skipped, pool is at sufficient level.
2021-08-08 00:01:36 [DEBUG] com.zaxxer.hikari.pool.HikariPool - HikariPool-1 - Pool stats (total=10, active=0, idle=10, waiting=0)
2021-08-08 00:01:36 [DEBUG] com.zaxxer.hikari.pool.HikariPool - HikariPool-1 - Fill pool skipped, pool is at sufficient level.
2021-08-08 00:02:06 [DEBUG] com.zaxxer.hikari.pool.HikariPool - HikariPool-1 - Pool stats (total=10, active=0, idle=10, waiting=0)
2021-08-08 00:02:06 [DEBUG] com.zaxxer.hikari.pool.HikariPool - HikariPool-1 - Fill pool skipped, pool is at sufficient level.
2021-08-08 00:02:36 [DEBUG] com.zaxxer.hikari.pool.HikariPool - HikariPool-1 - Pool stats (total=10, active=0, idle=10, waiting=0)
2021-08-08 00:02:36 [DEBUG] com.zaxxer.hikari.pool.HikariPool - HikariPool-1 - Fill pool skipped, pool is at sufficient level.
2021-08-08 00:03:06 [DEBUG] com.zaxxer.hikari.pool.HikariPool - HikariPool-1 - Pool stats (total=10, active=0, idle=10, waiting=0)
2021-08-08 00:03:06 [DEBUG] com.zaxxer.hikari.pool.HikariPool - HikariPool-1 - Fill pool skipped, pool is at sufficient level.
2021-08-08 00:03:36 [DEBUG] com.zaxxer.hikari.pool.HikariPool - HikariPool-1 - Pool stats (total=10, active=0, idle=10, waiting=0)
2021-08-08 00:03:36 [DEBUG] com.zaxxer.hikari.pool.HikariPool - HikariPool-1 - Fill pool skipped, pool is at sufficient level.
2021-08-08 00:04:06 [DEBUG] com.zaxxer.hikari.pool.HikariPool - HikariPool-1 - Pool stats (total=10, active=0, idle=10, waiting=0)
2021-08-08 00:04:06 [DEBUG] com.zaxxer.hikari.pool.HikariPool - HikariPool-1 - Fill pool skipped, pool is at sufficient level.
2021-08-08 00:04:30 [DEBUG] org.mybatis.spring.SqlSessionUtils - Creating a new SqlSession
2021-08-08 00:04:30 [DEBUG] org.mybatis.spring.SqlSessionUtils - SqlSession [org.apache.ibatis.session.defaults.DefaultSqlSession@5a952137] was not registered for synchronization because synchronization is not active
2021-08-08 00:04:30 [DEBUG] o.s.jdbc.datasource.DataSourceUtils - Fetching JDBC Connection from DataSource
2021-08-08 00:04:30 [DEBUG] o.m.s.t.SpringManagedTransaction - JDBC Connection [HikariProxyConnection@516895977 wrapping net.sf.log4jdbc.sql.jdbcapi.ConnectionSpy@6e2b0422] will not be managed by Spring
2021-08-08 00:04:30 [DEBUG] c.e.demo.dao.MemberDao.getMemberById - ==>  Preparing: SELECT * FROM `member` AS M WHERE M.id = ? AND M.delStatus = 0
2021-08-08 00:04:30 [DEBUG] c.e.demo.dao.MemberDao.getMemberById - ==> Parameters: 1(Integer)
2021-08-08 00:04:30 [DEBUG] jdbc.sqltiming -  com.zaxxer.hikari.pool.ProxyPreparedStatement.execute(ProxyPreparedStatement.java:44)
132. SELECT *
		FROM `member` AS M
		WHERE M.id = 1
		AND M.delStatus = 0
 {executed in 0 msec}
2021-08-08 00:04:30 [INFO ] jdbc.resultsettable - 
|---|--------------------|--------------------|--------|-----------------------------------------------------------------|------|---------|--------------------|------------|----------|--------|
|id |regdate             |updatedate          |loginid |loginpw                                                          |name  |nickname |email               |cellphoneno |delstatus |deldate |
|---|--------------------|--------------------|--------|-----------------------------------------------------------------|------|---------|--------------------|------------|----------|--------|
|1  |2021-08-05 23:33:01 |2021-08-05 23:33:01 |user1   |0a041b9462caa4a31bac3567e0b6e6fd9100787db2ab433d96f6d178cabfce90 |유저1이름 |유저1별명    |jangka512@gmail.com |01012341234 |false     |null    |
|---|--------------------|--------------------|--------|-----------------------------------------------------------------|------|---------|--------------------|------------|----------|--------|

2021-08-08 00:04:30 [DEBUG] c.e.demo.dao.MemberDao.getMemberById - <==      Total: 1
2021-08-08 00:04:30 [DEBUG] org.mybatis.spring.SqlSessionUtils - Closing non transactional SqlSession [org.apache.ibatis.session.defaults.DefaultSqlSession@5a952137]
2021-08-08 00:04:30 [DEBUG] org.mybatis.spring.SqlSessionUtils - Creating a new SqlSession
2021-08-08 00:04:30 [DEBUG] org.mybatis.spring.SqlSessionUtils - SqlSession [org.apache.ibatis.session.defaults.DefaultSqlSession@a14e92f] was not registered for synchronization because synchronization is not active
2021-08-08 00:04:30 [DEBUG] o.s.jdbc.datasource.DataSourceUtils - Fetching JDBC Connection from DataSource
2021-08-08 00:04:30 [DEBUG] o.m.s.t.SpringManagedTransaction - JDBC Connection [HikariProxyConnection@1317088928 wrapping net.sf.log4jdbc.sql.jdbcapi.ConnectionSpy@6e2b0422] will not be managed by Spring
2021-08-08 00:04:30 [DEBUG] c.e.d.dao.MemberDao.checkUsingTempPw - ==>  Preparing: SELECT memberId FROM usingTempPw WHERE memberId=?
2021-08-08 00:04:30 [DEBUG] c.e.d.dao.MemberDao.checkUsingTempPw - ==> Parameters: 1(Integer)
2021-08-08 00:04:30 [DEBUG] jdbc.sqltiming -  com.zaxxer.hikari.pool.ProxyPreparedStatement.execute(ProxyPreparedStatement.java:44)
132. SELECT memberId FROM
		usingTempPw
		WHERE memberId=1
 {executed in 0 msec}
2021-08-08 00:04:30 [INFO ] jdbc.resultsettable - 
|---------|
|memberid |
|---------|
|---------|

2021-08-08 00:04:30 [DEBUG] c.e.d.dao.MemberDao.checkUsingTempPw - <==      Total: 0
2021-08-08 00:04:30 [DEBUG] org.mybatis.spring.SqlSessionUtils - Closing non transactional SqlSession [org.apache.ibatis.session.defaults.DefaultSqlSession@a14e92f]
2021-08-08 00:04:30 [DEBUG] org.mybatis.spring.SqlSessionUtils - Creating a new SqlSession
2021-08-08 00:04:30 [DEBUG] org.mybatis.spring.SqlSessionUtils - SqlSession [org.apache.ibatis.session.defaults.DefaultSqlSession@46580bc8] was not registered for synchronization because synchronization is not active
2021-08-08 00:04:30 [DEBUG] o.s.jdbc.datasource.DataSourceUtils - Fetching JDBC Connection from DataSource
2021-08-08 00:04:30 [DEBUG] o.m.s.t.SpringManagedTransaction - JDBC Connection [HikariProxyConnection@901358081 wrapping net.sf.log4jdbc.sql.jdbcapi.ConnectionSpy@6e2b0422] will not be managed by Spring
2021-08-08 00:04:30 [DEBUG] c.e.d.d.M.checkTooLongUsingPw - ==>  Preparing: SELECT id FROM `member` WHERE id=? AND NOW()>=DATE_ADD(updateDate, INTERVAL 30 MINUTE)
2021-08-08 00:04:30 [DEBUG] c.e.d.d.M.checkTooLongUsingPw - ==> Parameters: 1(Integer)
2021-08-08 00:04:30 [DEBUG] jdbc.sqltiming -  com.zaxxer.hikari.pool.ProxyPreparedStatement.execute(ProxyPreparedStatement.java:44)
132. SELECT id FROM
		`member`
		WHERE id=1
		AND NOW()>=DATE_ADD(updateDate, INTERVAL 30
		MINUTE)
 {executed in 0 msec}
2021-08-08 00:04:30 [INFO ] jdbc.resultsettable - 
|---|
|id |
|---|
|1  |
|---|

2021-08-08 00:04:30 [DEBUG] c.e.d.d.M.checkTooLongUsingPw - <==      Total: 1
2021-08-08 00:04:30 [DEBUG] org.mybatis.spring.SqlSessionUtils - Closing non transactional SqlSession [org.apache.ibatis.session.defaults.DefaultSqlSession@46580bc8]
2021-08-08 00:04:30 [DEBUG] org.mybatis.spring.SqlSessionUtils - Creating a new SqlSession
2021-08-08 00:04:30 [DEBUG] org.mybatis.spring.SqlSessionUtils - SqlSession [org.apache.ibatis.session.defaults.DefaultSqlSession@7fe426d5] was not registered for synchronization because synchronization is not active
2021-08-08 00:04:30 [DEBUG] o.s.jdbc.datasource.DataSourceUtils - Fetching JDBC Connection from DataSource
2021-08-08 00:04:30 [DEBUG] o.m.s.t.SpringManagedTransaction - JDBC Connection [HikariProxyConnection@1260269123 wrapping net.sf.log4jdbc.sql.jdbcapi.ConnectionSpy@6e2b0422] will not be managed by Spring
2021-08-08 00:04:30 [DEBUG] c.e.d.dao.ArticleDao.checkClickView - ==>  Preparing: SELECT COUNT(*) FROM articleHitList WHERE articleId=? AND memberId=?
2021-08-08 00:04:30 [DEBUG] c.e.d.dao.ArticleDao.checkClickView - ==> Parameters: 3(Integer), 1(Integer)
2021-08-08 00:04:30 [DEBUG] jdbc.sqltiming -  com.zaxxer.hikari.pool.ProxyPreparedStatement.execute(ProxyPreparedStatement.java:44)
132. SELECT COUNT(*) FROM
		articleHitList
		WHERE articleId=3
		AND
		memberId=1
 {executed in 1 msec}
2021-08-08 00:04:30 [INFO ] jdbc.resultsettable - 
|---------|
|count(*) |
|---------|
|1        |
|---------|

2021-08-08 00:04:30 [DEBUG] c.e.d.dao.ArticleDao.checkClickView - <==      Total: 1
2021-08-08 00:04:30 [DEBUG] org.mybatis.spring.SqlSessionUtils - Closing non transactional SqlSession [org.apache.ibatis.session.defaults.DefaultSqlSession@7fe426d5]
2021-08-08 00:04:30 [DEBUG] org.mybatis.spring.SqlSessionUtils - Creating a new SqlSession
2021-08-08 00:04:30 [DEBUG] org.mybatis.spring.SqlSessionUtils - SqlSession [org.apache.ibatis.session.defaults.DefaultSqlSession@5d5ed7ff] was not registered for synchronization because synchronization is not active
2021-08-08 00:04:30 [DEBUG] o.s.jdbc.datasource.DataSourceUtils - Fetching JDBC Connection from DataSource
2021-08-08 00:04:30 [DEBUG] o.m.s.t.SpringManagedTransaction - JDBC Connection [HikariProxyConnection@66390545 wrapping net.sf.log4jdbc.sql.jdbcapi.ConnectionSpy@6e2b0422] will not be managed by Spring
2021-08-08 00:04:30 [DEBUG] c.e.d.d.A.getForPrintArticleById - ==>  Preparing: SELECT A.*, IFNULL(M.name, "삭제된_회원") AS extra__writerName FROM article AS A LEFT JOIN member AS M ON A.memberId = M.id WHERE A.id = ? AND A.delStatus = 0
2021-08-08 00:04:30 [DEBUG] c.e.d.d.A.getForPrintArticleById - ==> Parameters: 3(Integer)
2021-08-08 00:04:30 [DEBUG] jdbc.sqltiming -  com.zaxxer.hikari.pool.ProxyPreparedStatement.execute(ProxyPreparedStatement.java:44)
132. SELECT A.*,
		IFNULL(M.name, "삭제된_회원") AS extra__writerName
		FROM article AS A
		LEFT
		JOIN member AS M
		ON A.memberId = M.id
		WHERE A.id = 3
		AND A.delStatus
		= 0
 {executed in 1 msec}
2021-08-08 00:04:30 [INFO ] jdbc.resultsettable - 
|---|--------------------|--------------------|--------|---------|------|-----|------------|----------|----------|--------|---------|-------------|----------|-------------|------------------|
|id |regdate             |updatedate          |boardid |memberid |title |body |blindstatus |blinddate |delstatus |deldate |hitcount |repliescount |likecount |dislikecount |extra__writername |
|---|--------------------|--------------------|--------|---------|------|-----|------------|----------|----------|--------|---------|-------------|----------|-------------|------------------|
|3  |2021-08-05 23:33:01 |2021-08-05 23:33:01 |1       |1        |제목3   |본문3  |false       |null      |false     |null    |1        |0            |1         |0            |유저1이름             |
|---|--------------------|--------------------|--------|---------|------|-----|------------|----------|----------|--------|---------|-------------|----------|-------------|------------------|

2021-08-08 00:04:30 [DEBUG] c.e.d.d.A.getForPrintArticleById - <==      Total: 1
2021-08-08 00:04:30 [DEBUG] org.mybatis.spring.SqlSessionUtils - Closing non transactional SqlSession [org.apache.ibatis.session.defaults.DefaultSqlSession@5d5ed7ff]
2021-08-08 00:04:30 [DEBUG] org.mybatis.spring.SqlSessionUtils - Creating a new SqlSession
2021-08-08 00:04:30 [DEBUG] org.mybatis.spring.SqlSessionUtils - SqlSession [org.apache.ibatis.session.defaults.DefaultSqlSession@40c782f7] was not registered for synchronization because synchronization is not active
2021-08-08 00:04:30 [DEBUG] o.s.jdbc.datasource.DataSourceUtils - Fetching JDBC Connection from DataSource
2021-08-08 00:04:30 [DEBUG] o.m.s.t.SpringManagedTransaction - JDBC Connection [HikariProxyConnection@2076339336 wrapping net.sf.log4jdbc.sql.jdbcapi.ConnectionSpy@6e2b0422] will not be managed by Spring
2021-08-08 00:04:30 [DEBUG] c.e.d.d.R.getForPrintRepliesByRelTypeCodeAndRelId - ==>  Preparing: SELECT R.*, IFNULL(M.nickname, "삭제된_회원") AS extra__writerName FROM reply AS R LEFT JOIN `member` AS M ON R.memberId = M.id WHERE R.relTypeCode = ? AND R.relId = ? AND R.delStatus = 0 ORDER BY R.id DESC
2021-08-08 00:04:30 [DEBUG] c.e.d.d.R.getForPrintRepliesByRelTypeCodeAndRelId - ==> Parameters: article(String), 3(Integer)
2021-08-08 00:04:30 [DEBUG] jdbc.sqltiming -  com.zaxxer.hikari.pool.ProxyPreparedStatement.execute(ProxyPreparedStatement.java:44)
132. SELECT R.*,
		IFNULL(M.nickname, "삭제된_회원") AS
		extra__writerName
		FROM reply AS R
		LEFT JOIN `member` AS M
		ON R.memberId =
		M.id
		WHERE R.relTypeCode = 'article'
		AND R.relId = 3
		AND
		R.delStatus = 0
		ORDER BY R.id DESC
 {executed in 0 msec}
2021-08-08 00:04:30 [INFO ] jdbc.resultsettable - 
|---|--------------------|--------------------|------------|------|---------|---------|----------|--------|---------|------------|----------|---------|-------------|----------|-------------|------------------|
|id |regdate             |updatedate          |reltypecode |relid |parentid |memberid |delstatus |deldate |body     |blindstatus |blinddate |hitcount |repliescount |likecount |dislikecount |extra__writername |
|---|--------------------|--------------------|------------|------|---------|---------|----------|--------|---------|------------|----------|---------|-------------|----------|-------------|------------------|
|2  |2021-08-07 18:14:35 |2021-08-07 18:14:35 |article     |3     |0        |1        |false     |null    |aaa      |false       |null      |0        |0            |0         |0            |유저1별명             |
|1  |2021-08-07 17:24:29 |2021-08-07 17:24:29 |article     |3     |0        |1        |false     |null    |asdfasdf |false       |null      |0        |0            |0         |0            |유저1별명             |
|---|--------------------|--------------------|------------|------|---------|---------|----------|--------|---------|------------|----------|---------|-------------|----------|-------------|------------------|

2021-08-08 00:04:30 [DEBUG] c.e.d.d.R.getForPrintRepliesByRelTypeCodeAndRelId - <==      Total: 2
2021-08-08 00:04:30 [DEBUG] org.mybatis.spring.SqlSessionUtils - Closing non transactional SqlSession [org.apache.ibatis.session.defaults.DefaultSqlSession@40c782f7]
2021-08-08 00:04:30 [DEBUG] org.mybatis.spring.SqlSessionUtils - Creating a new SqlSession
2021-08-08 00:04:30 [DEBUG] org.mybatis.spring.SqlSessionUtils - SqlSession [org.apache.ibatis.session.defaults.DefaultSqlSession@75ba6c1] was not registered for synchronization because synchronization is not active
2021-08-08 00:04:30 [DEBUG] o.s.jdbc.datasource.DataSourceUtils - Fetching JDBC Connection from DataSource
2021-08-08 00:04:30 [DEBUG] o.m.s.t.SpringManagedTransaction - JDBC Connection [HikariProxyConnection@558754959 wrapping net.sf.log4jdbc.sql.jdbcapi.ConnectionSpy@6e2b0422] will not be managed by Spring
2021-08-08 00:04:30 [DEBUG] c.e.d.d.A.getClickLikeByMemberId - ==>  Preparing: SELECT COUNT(*) AS likeCount FROM checkLike WHERE typeCode=? AND typeId=? AND memberId=? AND checkLike=1
2021-08-08 00:04:30 [DEBUG] c.e.d.d.A.getClickLikeByMemberId - ==> Parameters: article(String), 3(Integer), 1(Integer)
2021-08-08 00:04:30 [DEBUG] jdbc.sqltiming -  com.zaxxer.hikari.pool.ProxyPreparedStatement.execute(ProxyPreparedStatement.java:44)
132. SELECT COUNT(*)
		AS
		likeCount
		FROM checkLike
		WHERE typeCode='article'
		AND typeId=3
		AND
		memberId=1
		AND checkLike=1
 {executed in 1 msec}
2021-08-08 00:04:30 [INFO ] jdbc.resultsettable - 
|----------|
|likecount |
|----------|
|1         |
|----------|

2021-08-08 00:04:30 [DEBUG] c.e.d.d.A.getClickLikeByMemberId - <==      Total: 1
2021-08-08 00:04:30 [DEBUG] org.mybatis.spring.SqlSessionUtils - Closing non transactional SqlSession [org.apache.ibatis.session.defaults.DefaultSqlSession@75ba6c1]
2021-08-08 00:04:30 [DEBUG] org.mybatis.spring.SqlSessionUtils - Creating a new SqlSession
2021-08-08 00:04:30 [DEBUG] org.mybatis.spring.SqlSessionUtils - SqlSession [org.apache.ibatis.session.defaults.DefaultSqlSession@70db2a0d] was not registered for synchronization because synchronization is not active
2021-08-08 00:04:30 [DEBUG] o.s.jdbc.datasource.DataSourceUtils - Fetching JDBC Connection from DataSource
2021-08-08 00:04:30 [DEBUG] o.m.s.t.SpringManagedTransaction - JDBC Connection [HikariProxyConnection@801446341 wrapping net.sf.log4jdbc.sql.jdbcapi.ConnectionSpy@6e2b0422] will not be managed by Spring
2021-08-08 00:04:30 [DEBUG] c.e.demo.dao.ArticleDao.getBoardById - ==>  Preparing: SELECT * FROM board AS B WHERE B.id = ? AND B.delStatus = 0
2021-08-08 00:04:30 [DEBUG] c.e.demo.dao.ArticleDao.getBoardById - ==> Parameters: 1(Integer)
2021-08-08 00:04:30 [DEBUG] jdbc.sqltiming -  com.zaxxer.hikari.pool.ProxyPreparedStatement.execute(ProxyPreparedStatement.java:44)
132. SELECT *
		FROM board AS B
		WHERE B.id = 1
		AND B.delStatus = 0
 {executed in 0 msec}
2021-08-08 00:04:30 [INFO ] jdbc.resultsettable - 
|---|--------------------|--------------------|-------|-------|------------|----------|----------|--------|---------|-------------|----------|-------------|
|id |regdate             |updatedate          |code   |name   |blindstatus |blinddate |delstatus |deldate |hitcount |repliescount |likecount |dislikecount |
|---|--------------------|--------------------|-------|-------|------------|----------|----------|--------|---------|-------------|----------|-------------|
|1  |2021-08-05 23:33:01 |2021-08-05 23:33:01 |notice |NOTICE |0           |[null]    |false     |null    |0        |0            |0         |0            |
|---|--------------------|--------------------|-------|-------|------------|----------|----------|--------|---------|-------------|----------|-------------|

2021-08-08 00:04:30 [DEBUG] c.e.demo.dao.ArticleDao.getBoardById - <==      Total: 1
2021-08-08 00:04:30 [DEBUG] org.mybatis.spring.SqlSessionUtils - Closing non transactional SqlSession [org.apache.ibatis.session.defaults.DefaultSqlSession@70db2a0d]
2021-08-08 00:04:31 [DEBUG] org.mybatis.spring.SqlSessionUtils - Creating a new SqlSession
2021-08-08 00:04:31 [DEBUG] org.mybatis.spring.SqlSessionUtils - SqlSession [org.apache.ibatis.session.defaults.DefaultSqlSession@531cfff4] was not registered for synchronization because synchronization is not active
2021-08-08 00:04:31 [DEBUG] o.s.jdbc.datasource.DataSourceUtils - Fetching JDBC Connection from DataSource
2021-08-08 00:04:31 [DEBUG] o.m.s.t.SpringManagedTransaction - JDBC Connection [HikariProxyConnection@2062779528 wrapping net.sf.log4jdbc.sql.jdbcapi.ConnectionSpy@6e2b0422] will not be managed by Spring
2021-08-08 00:04:31 [DEBUG] c.e.demo.dao.MemberDao.getMemberById - ==>  Preparing: SELECT * FROM `member` AS M WHERE M.id = ? AND M.delStatus = 0
2021-08-08 00:04:31 [DEBUG] c.e.demo.dao.MemberDao.getMemberById - ==> Parameters: 1(Integer)
2021-08-08 00:04:31 [DEBUG] jdbc.sqltiming -  com.zaxxer.hikari.pool.ProxyPreparedStatement.execute(ProxyPreparedStatement.java:44)
132. SELECT *
		FROM `member` AS M
		WHERE M.id = 1
		AND M.delStatus = 0
 {executed in 0 msec}
2021-08-08 00:04:31 [INFO ] jdbc.resultsettable - 
|---|--------------------|--------------------|--------|-----------------------------------------------------------------|------|---------|--------------------|------------|----------|--------|
|id |regdate             |updatedate          |loginid |loginpw                                                          |name  |nickname |email               |cellphoneno |delstatus |deldate |
|---|--------------------|--------------------|--------|-----------------------------------------------------------------|------|---------|--------------------|------------|----------|--------|
|1  |2021-08-05 23:33:01 |2021-08-05 23:33:01 |user1   |0a041b9462caa4a31bac3567e0b6e6fd9100787db2ab433d96f6d178cabfce90 |유저1이름 |유저1별명    |jangka512@gmail.com |01012341234 |false     |null    |
|---|--------------------|--------------------|--------|-----------------------------------------------------------------|------|---------|--------------------|------------|----------|--------|

2021-08-08 00:04:31 [DEBUG] c.e.demo.dao.MemberDao.getMemberById - <==      Total: 1
2021-08-08 00:04:31 [DEBUG] org.mybatis.spring.SqlSessionUtils - Closing non transactional SqlSession [org.apache.ibatis.session.defaults.DefaultSqlSession@531cfff4]
2021-08-08 00:04:31 [DEBUG] org.mybatis.spring.SqlSessionUtils - Creating a new SqlSession
2021-08-08 00:04:31 [DEBUG] org.mybatis.spring.SqlSessionUtils - SqlSession [org.apache.ibatis.session.defaults.DefaultSqlSession@42f9a46a] was not registered for synchronization because synchronization is not active
2021-08-08 00:04:31 [DEBUG] o.s.jdbc.datasource.DataSourceUtils - Fetching JDBC Connection from DataSource
2021-08-08 00:04:31 [DEBUG] o.m.s.t.SpringManagedTransaction - JDBC Connection [HikariProxyConnection@1144870201 wrapping net.sf.log4jdbc.sql.jdbcapi.ConnectionSpy@6e2b0422] will not be managed by Spring
2021-08-08 00:04:31 [DEBUG] c.e.d.dao.MemberDao.checkUsingTempPw - ==>  Preparing: SELECT memberId FROM usingTempPw WHERE memberId=?
2021-08-08 00:04:31 [DEBUG] c.e.d.dao.MemberDao.checkUsingTempPw - ==> Parameters: 1(Integer)
2021-08-08 00:04:31 [DEBUG] jdbc.sqltiming -  com.zaxxer.hikari.pool.ProxyPreparedStatement.execute(ProxyPreparedStatement.java:44)
132. SELECT memberId FROM
		usingTempPw
		WHERE memberId=1
 {executed in 0 msec}
2021-08-08 00:04:31 [INFO ] jdbc.resultsettable - 
|---------|
|memberid |
|---------|
|---------|

2021-08-08 00:04:31 [DEBUG] c.e.d.dao.MemberDao.checkUsingTempPw - <==      Total: 0
2021-08-08 00:04:31 [DEBUG] org.mybatis.spring.SqlSessionUtils - Closing non transactional SqlSession [org.apache.ibatis.session.defaults.DefaultSqlSession@42f9a46a]
2021-08-08 00:04:31 [DEBUG] org.mybatis.spring.SqlSessionUtils - Creating a new SqlSession
2021-08-08 00:04:31 [DEBUG] org.mybatis.spring.SqlSessionUtils - SqlSession [org.apache.ibatis.session.defaults.DefaultSqlSession@57eb780b] was not registered for synchronization because synchronization is not active
2021-08-08 00:04:31 [DEBUG] o.s.jdbc.datasource.DataSourceUtils - Fetching JDBC Connection from DataSource
2021-08-08 00:04:31 [DEBUG] o.m.s.t.SpringManagedTransaction - JDBC Connection [HikariProxyConnection@2036603593 wrapping net.sf.log4jdbc.sql.jdbcapi.ConnectionSpy@6e2b0422] will not be managed by Spring
2021-08-08 00:04:31 [DEBUG] c.e.d.d.M.checkTooLongUsingPw - ==>  Preparing: SELECT id FROM `member` WHERE id=? AND NOW()>=DATE_ADD(updateDate, INTERVAL 30 MINUTE)
2021-08-08 00:04:31 [DEBUG] c.e.d.d.M.checkTooLongUsingPw - ==> Parameters: 1(Integer)
2021-08-08 00:04:31 [DEBUG] jdbc.sqltiming -  com.zaxxer.hikari.pool.ProxyPreparedStatement.execute(ProxyPreparedStatement.java:44)
132. SELECT id FROM
		`member`
		WHERE id=1
		AND NOW()>=DATE_ADD(updateDate, INTERVAL 30
		MINUTE)
 {executed in 0 msec}
2021-08-08 00:04:31 [INFO ] jdbc.resultsettable - 
|---|
|id |
|---|
|1  |
|---|

2021-08-08 00:04:31 [DEBUG] c.e.d.d.M.checkTooLongUsingPw - <==      Total: 1
2021-08-08 00:04:31 [DEBUG] org.mybatis.spring.SqlSessionUtils - Closing non transactional SqlSession [org.apache.ibatis.session.defaults.DefaultSqlSession@57eb780b]
2021-08-08 00:04:31 [DEBUG] org.mybatis.spring.SqlSessionUtils - Creating a new SqlSession
2021-08-08 00:04:31 [DEBUG] org.mybatis.spring.SqlSessionUtils - SqlSession [org.apache.ibatis.session.defaults.DefaultSqlSession@536854be] was not registered for synchronization because synchronization is not active
2021-08-08 00:04:31 [DEBUG] o.s.jdbc.datasource.DataSourceUtils - Fetching JDBC Connection from DataSource
2021-08-08 00:04:31 [DEBUG] o.m.s.t.SpringManagedTransaction - JDBC Connection [HikariProxyConnection@1442296499 wrapping net.sf.log4jdbc.sql.jdbcapi.ConnectionSpy@621cdcc2] will not be managed by Spring
2021-08-08 00:04:31 [DEBUG] c.e.demo.dao.MemberDao.getMemberById - ==>  Preparing: SELECT * FROM `member` AS M WHERE M.id = ? AND M.delStatus = 0
2021-08-08 00:04:31 [DEBUG] c.e.demo.dao.MemberDao.getMemberById - ==> Parameters: 1(Integer)
2021-08-08 00:04:31 [DEBUG] jdbc.sqltiming -  com.zaxxer.hikari.pool.ProxyPreparedStatement.execute(ProxyPreparedStatement.java:44)
131. SELECT *
		FROM `member` AS M
		WHERE M.id = 1
		AND M.delStatus = 0
 {executed in 0 msec}
2021-08-08 00:04:31 [INFO ] jdbc.resultsettable - 
|---|--------------------|--------------------|--------|-----------------------------------------------------------------|------|---------|--------------------|------------|----------|--------|
|id |regdate             |updatedate          |loginid |loginpw                                                          |name  |nickname |email               |cellphoneno |delstatus |deldate |
|---|--------------------|--------------------|--------|-----------------------------------------------------------------|------|---------|--------------------|------------|----------|--------|
|1  |2021-08-05 23:33:01 |2021-08-05 23:33:01 |user1   |0a041b9462caa4a31bac3567e0b6e6fd9100787db2ab433d96f6d178cabfce90 |유저1이름 |유저1별명    |jangka512@gmail.com |01012341234 |false     |null    |
|---|--------------------|--------------------|--------|-----------------------------------------------------------------|------|---------|--------------------|------------|----------|--------|

2021-08-08 00:04:31 [DEBUG] c.e.demo.dao.MemberDao.getMemberById - <==      Total: 1
2021-08-08 00:04:31 [DEBUG] org.mybatis.spring.SqlSessionUtils - Closing non transactional SqlSession [org.apache.ibatis.session.defaults.DefaultSqlSession@536854be]
2021-08-08 00:04:31 [DEBUG] org.mybatis.spring.SqlSessionUtils - Creating a new SqlSession
2021-08-08 00:04:31 [DEBUG] org.mybatis.spring.SqlSessionUtils - SqlSession [org.apache.ibatis.session.defaults.DefaultSqlSession@21649daa] was not registered for synchronization because synchronization is not active
2021-08-08 00:04:31 [DEBUG] o.s.jdbc.datasource.DataSourceUtils - Fetching JDBC Connection from DataSource
2021-08-08 00:04:31 [DEBUG] o.m.s.t.SpringManagedTransaction - JDBC Connection [HikariProxyConnection@1997443398 wrapping net.sf.log4jdbc.sql.jdbcapi.ConnectionSpy@621cdcc2] will not be managed by Spring
2021-08-08 00:04:31 [DEBUG] c.e.d.dao.MemberDao.checkUsingTempPw - ==>  Preparing: SELECT memberId FROM usingTempPw WHERE memberId=?
2021-08-08 00:04:31 [DEBUG] c.e.d.dao.MemberDao.checkUsingTempPw - ==> Parameters: 1(Integer)
2021-08-08 00:04:31 [DEBUG] jdbc.sqltiming -  com.zaxxer.hikari.pool.ProxyPreparedStatement.execute(ProxyPreparedStatement.java:44)
131. SELECT memberId FROM
		usingTempPw
		WHERE memberId=1
 {executed in 1 msec}
2021-08-08 00:04:31 [INFO ] jdbc.resultsettable - 
|---------|
|memberid |
|---------|
|---------|

2021-08-08 00:04:31 [DEBUG] c.e.d.dao.MemberDao.checkUsingTempPw - <==      Total: 0
2021-08-08 00:04:31 [DEBUG] org.mybatis.spring.SqlSessionUtils - Closing non transactional SqlSession [org.apache.ibatis.session.defaults.DefaultSqlSession@21649daa]
2021-08-08 00:04:31 [DEBUG] org.mybatis.spring.SqlSessionUtils - Creating a new SqlSession
2021-08-08 00:04:31 [DEBUG] org.mybatis.spring.SqlSessionUtils - SqlSession [org.apache.ibatis.session.defaults.DefaultSqlSession@64421bea] was not registered for synchronization because synchronization is not active
2021-08-08 00:04:31 [DEBUG] o.s.jdbc.datasource.DataSourceUtils - Fetching JDBC Connection from DataSource
2021-08-08 00:04:31 [DEBUG] o.m.s.t.SpringManagedTransaction - JDBC Connection [HikariProxyConnection@269138548 wrapping net.sf.log4jdbc.sql.jdbcapi.ConnectionSpy@621cdcc2] will not be managed by Spring
2021-08-08 00:04:31 [DEBUG] c.e.d.d.M.checkTooLongUsingPw - ==>  Preparing: SELECT id FROM `member` WHERE id=? AND NOW()>=DATE_ADD(updateDate, INTERVAL 30 MINUTE)
2021-08-08 00:04:31 [DEBUG] c.e.d.d.M.checkTooLongUsingPw - ==> Parameters: 1(Integer)
2021-08-08 00:04:31 [DEBUG] jdbc.sqltiming -  com.zaxxer.hikari.pool.ProxyPreparedStatement.execute(ProxyPreparedStatement.java:44)
131. SELECT id FROM
		`member`
		WHERE id=1
		AND NOW()>=DATE_ADD(updateDate, INTERVAL 30
		MINUTE)
 {executed in 0 msec}
2021-08-08 00:04:31 [INFO ] jdbc.resultsettable - 
|---|
|id |
|---|
|1  |
|---|

2021-08-08 00:04:31 [DEBUG] c.e.d.d.M.checkTooLongUsingPw - <==      Total: 1
2021-08-08 00:04:31 [DEBUG] org.mybatis.spring.SqlSessionUtils - Closing non transactional SqlSession [org.apache.ibatis.session.defaults.DefaultSqlSession@64421bea]
2021-08-08 00:04:36 [DEBUG] com.zaxxer.hikari.pool.HikariPool - HikariPool-1 - Pool stats (total=10, active=0, idle=10, waiting=0)
2021-08-08 00:04:36 [DEBUG] com.zaxxer.hikari.pool.HikariPool - HikariPool-1 - Fill pool skipped, pool is at sufficient level.
2021-08-08 00:05:06 [DEBUG] com.zaxxer.hikari.pool.HikariPool - HikariPool-1 - Pool stats (total=10, active=0, idle=10, waiting=0)
2021-08-08 00:05:06 [DEBUG] com.zaxxer.hikari.pool.HikariPool - HikariPool-1 - Fill pool skipped, pool is at sufficient level.
2021-08-08 00:05:16 [DEBUG] org.mybatis.spring.SqlSessionUtils - Creating a new SqlSession
2021-08-08 00:05:16 [DEBUG] org.mybatis.spring.SqlSessionUtils - SqlSession [org.apache.ibatis.session.defaults.DefaultSqlSession@781be767] was not registered for synchronization because synchronization is not active
2021-08-08 00:05:16 [DEBUG] o.s.jdbc.datasource.DataSourceUtils - Fetching JDBC Connection from DataSource
2021-08-08 00:05:16 [DEBUG] o.m.s.t.SpringManagedTransaction - JDBC Connection [HikariProxyConnection@402788684 wrapping net.sf.log4jdbc.sql.jdbcapi.ConnectionSpy@621cdcc2] will not be managed by Spring
2021-08-08 00:05:16 [DEBUG] c.e.demo.dao.MemberDao.getMemberById - ==>  Preparing: SELECT * FROM `member` AS M WHERE M.id = ? AND M.delStatus = 0
2021-08-08 00:05:16 [DEBUG] c.e.demo.dao.MemberDao.getMemberById - ==> Parameters: 1(Integer)
2021-08-08 00:05:16 [DEBUG] jdbc.sqltiming -  com.zaxxer.hikari.pool.ProxyPreparedStatement.execute(ProxyPreparedStatement.java:44)
131. SELECT *
		FROM `member` AS M
		WHERE M.id = 1
		AND M.delStatus = 0
 {executed in 0 msec}
2021-08-08 00:05:16 [INFO ] jdbc.resultsettable - 
|---|--------------------|--------------------|--------|-----------------------------------------------------------------|------|---------|--------------------|------------|----------|--------|
|id |regdate             |updatedate          |loginid |loginpw                                                          |name  |nickname |email               |cellphoneno |delstatus |deldate |
|---|--------------------|--------------------|--------|-----------------------------------------------------------------|------|---------|--------------------|------------|----------|--------|
|1  |2021-08-05 23:33:01 |2021-08-05 23:33:01 |user1   |0a041b9462caa4a31bac3567e0b6e6fd9100787db2ab433d96f6d178cabfce90 |유저1이름 |유저1별명    |jangka512@gmail.com |01012341234 |false     |null    |
|---|--------------------|--------------------|--------|-----------------------------------------------------------------|------|---------|--------------------|------------|----------|--------|

2021-08-08 00:05:16 [DEBUG] c.e.demo.dao.MemberDao.getMemberById - <==      Total: 1
2021-08-08 00:05:16 [DEBUG] org.mybatis.spring.SqlSessionUtils - Closing non transactional SqlSession [org.apache.ibatis.session.defaults.DefaultSqlSession@781be767]
2021-08-08 00:05:16 [DEBUG] org.mybatis.spring.SqlSessionUtils - Creating a new SqlSession
2021-08-08 00:05:16 [DEBUG] org.mybatis.spring.SqlSessionUtils - SqlSession [org.apache.ibatis.session.defaults.DefaultSqlSession@5c44e461] was not registered for synchronization because synchronization is not active
2021-08-08 00:05:16 [DEBUG] o.s.jdbc.datasource.DataSourceUtils - Fetching JDBC Connection from DataSource
2021-08-08 00:05:16 [DEBUG] o.m.s.t.SpringManagedTransaction - JDBC Connection [HikariProxyConnection@1639751002 wrapping net.sf.log4jdbc.sql.jdbcapi.ConnectionSpy@621cdcc2] will not be managed by Spring
2021-08-08 00:05:16 [DEBUG] c.e.d.dao.MemberDao.checkUsingTempPw - ==>  Preparing: SELECT memberId FROM usingTempPw WHERE memberId=?
2021-08-08 00:05:16 [DEBUG] c.e.d.dao.MemberDao.checkUsingTempPw - ==> Parameters: 1(Integer)
2021-08-08 00:05:16 [DEBUG] jdbc.sqltiming -  com.zaxxer.hikari.pool.ProxyPreparedStatement.execute(ProxyPreparedStatement.java:44)
131. SELECT memberId FROM
		usingTempPw
		WHERE memberId=1
 {executed in 1 msec}
2021-08-08 00:05:16 [INFO ] jdbc.resultsettable - 
|---------|
|memberid |
|---------|
|---------|

2021-08-08 00:05:16 [DEBUG] c.e.d.dao.MemberDao.checkUsingTempPw - <==      Total: 0
2021-08-08 00:05:16 [DEBUG] org.mybatis.spring.SqlSessionUtils - Closing non transactional SqlSession [org.apache.ibatis.session.defaults.DefaultSqlSession@5c44e461]
2021-08-08 00:05:16 [DEBUG] org.mybatis.spring.SqlSessionUtils - Creating a new SqlSession
2021-08-08 00:05:16 [DEBUG] org.mybatis.spring.SqlSessionUtils - SqlSession [org.apache.ibatis.session.defaults.DefaultSqlSession@331500ac] was not registered for synchronization because synchronization is not active
2021-08-08 00:05:16 [DEBUG] o.s.jdbc.datasource.DataSourceUtils - Fetching JDBC Connection from DataSource
2021-08-08 00:05:16 [DEBUG] o.m.s.t.SpringManagedTransaction - JDBC Connection [HikariProxyConnection@213117697 wrapping net.sf.log4jdbc.sql.jdbcapi.ConnectionSpy@621cdcc2] will not be managed by Spring
2021-08-08 00:05:16 [DEBUG] c.e.d.d.M.checkTooLongUsingPw - ==>  Preparing: SELECT id FROM `member` WHERE id=? AND NOW()>=DATE_ADD(updateDate, INTERVAL 30 MINUTE)
2021-08-08 00:05:16 [DEBUG] c.e.d.d.M.checkTooLongUsingPw - ==> Parameters: 1(Integer)
2021-08-08 00:05:16 [DEBUG] jdbc.sqltiming -  com.zaxxer.hikari.pool.ProxyPreparedStatement.execute(ProxyPreparedStatement.java:44)
131. SELECT id FROM
		`member`
		WHERE id=1
		AND NOW()>=DATE_ADD(updateDate, INTERVAL 30
		MINUTE)
 {executed in 0 msec}
2021-08-08 00:05:16 [INFO ] jdbc.resultsettable - 
|---|
|id |
|---|
|1  |
|---|

2021-08-08 00:05:16 [DEBUG] c.e.d.d.M.checkTooLongUsingPw - <==      Total: 1
2021-08-08 00:05:16 [DEBUG] org.mybatis.spring.SqlSessionUtils - Closing non transactional SqlSession [org.apache.ibatis.session.defaults.DefaultSqlSession@331500ac]
2021-08-08 00:05:16 [DEBUG] org.mybatis.spring.SqlSessionUtils - Creating a new SqlSession
2021-08-08 00:05:16 [DEBUG] org.mybatis.spring.SqlSessionUtils - SqlSession [org.apache.ibatis.session.defaults.DefaultSqlSession@18beca5f] was not registered for synchronization because synchronization is not active
2021-08-08 00:05:16 [DEBUG] o.s.jdbc.datasource.DataSourceUtils - Fetching JDBC Connection from DataSource
2021-08-08 00:05:16 [DEBUG] o.m.s.t.SpringManagedTransaction - JDBC Connection [HikariProxyConnection@369029952 wrapping net.sf.log4jdbc.sql.jdbcapi.ConnectionSpy@621cdcc2] will not be managed by Spring
2021-08-08 00:05:16 [DEBUG] c.e.d.dao.ArticleDao.checkClickView - ==>  Preparing: SELECT COUNT(*) FROM articleHitList WHERE articleId=? AND memberId=?
2021-08-08 00:05:16 [DEBUG] c.e.d.dao.ArticleDao.checkClickView - ==> Parameters: 3(Integer), 1(Integer)
2021-08-08 00:05:16 [DEBUG] jdbc.sqltiming -  com.zaxxer.hikari.pool.ProxyPreparedStatement.execute(ProxyPreparedStatement.java:44)
131. SELECT COUNT(*) FROM
		articleHitList
		WHERE articleId=3
		AND
		memberId=1
 {executed in 0 msec}
2021-08-08 00:05:16 [INFO ] jdbc.resultsettable - 
|---------|
|count(*) |
|---------|
|1        |
|---------|

2021-08-08 00:05:16 [DEBUG] c.e.d.dao.ArticleDao.checkClickView - <==      Total: 1
2021-08-08 00:05:16 [DEBUG] org.mybatis.spring.SqlSessionUtils - Closing non transactional SqlSession [org.apache.ibatis.session.defaults.DefaultSqlSession@18beca5f]
2021-08-08 00:05:16 [DEBUG] org.mybatis.spring.SqlSessionUtils - Creating a new SqlSession
2021-08-08 00:05:16 [DEBUG] org.mybatis.spring.SqlSessionUtils - SqlSession [org.apache.ibatis.session.defaults.DefaultSqlSession@1fd49870] was not registered for synchronization because synchronization is not active
2021-08-08 00:05:16 [DEBUG] o.s.jdbc.datasource.DataSourceUtils - Fetching JDBC Connection from DataSource
2021-08-08 00:05:16 [DEBUG] o.m.s.t.SpringManagedTransaction - JDBC Connection [HikariProxyConnection@1245420648 wrapping net.sf.log4jdbc.sql.jdbcapi.ConnectionSpy@621cdcc2] will not be managed by Spring
2021-08-08 00:05:16 [DEBUG] c.e.d.d.A.getForPrintArticleById - ==>  Preparing: SELECT A.*, IFNULL(M.name, "삭제된_회원") AS extra__writerName FROM article AS A LEFT JOIN member AS M ON A.memberId = M.id WHERE A.id = ? AND A.delStatus = 0
2021-08-08 00:05:16 [DEBUG] c.e.d.d.A.getForPrintArticleById - ==> Parameters: 3(Integer)
2021-08-08 00:05:16 [DEBUG] jdbc.sqltiming -  com.zaxxer.hikari.pool.ProxyPreparedStatement.execute(ProxyPreparedStatement.java:44)
131. SELECT A.*,
		IFNULL(M.name, "삭제된_회원") AS extra__writerName
		FROM article AS A
		LEFT
		JOIN member AS M
		ON A.memberId = M.id
		WHERE A.id = 3
		AND A.delStatus
		= 0
 {executed in 0 msec}
2021-08-08 00:05:16 [INFO ] jdbc.resultsettable - 
|---|--------------------|--------------------|--------|---------|------|-----|------------|----------|----------|--------|---------|-------------|----------|-------------|------------------|
|id |regdate             |updatedate          |boardid |memberid |title |body |blindstatus |blinddate |delstatus |deldate |hitcount |repliescount |likecount |dislikecount |extra__writername |
|---|--------------------|--------------------|--------|---------|------|-----|------------|----------|----------|--------|---------|-------------|----------|-------------|------------------|
|3  |2021-08-05 23:33:01 |2021-08-05 23:33:01 |1       |1        |제목3   |본문3  |false       |null      |false     |null    |1        |0            |1         |0            |유저1이름             |
|---|--------------------|--------------------|--------|---------|------|-----|------------|----------|----------|--------|---------|-------------|----------|-------------|------------------|

2021-08-08 00:05:16 [DEBUG] c.e.d.d.A.getForPrintArticleById - <==      Total: 1
2021-08-08 00:05:16 [DEBUG] org.mybatis.spring.SqlSessionUtils - Closing non transactional SqlSession [org.apache.ibatis.session.defaults.DefaultSqlSession@1fd49870]
2021-08-08 00:05:16 [DEBUG] org.mybatis.spring.SqlSessionUtils - Creating a new SqlSession
2021-08-08 00:05:16 [DEBUG] org.mybatis.spring.SqlSessionUtils - SqlSession [org.apache.ibatis.session.defaults.DefaultSqlSession@56160e66] was not registered for synchronization because synchronization is not active
2021-08-08 00:05:16 [DEBUG] o.s.jdbc.datasource.DataSourceUtils - Fetching JDBC Connection from DataSource
2021-08-08 00:05:16 [DEBUG] o.m.s.t.SpringManagedTransaction - JDBC Connection [HikariProxyConnection@1978184874 wrapping net.sf.log4jdbc.sql.jdbcapi.ConnectionSpy@621cdcc2] will not be managed by Spring
2021-08-08 00:05:16 [DEBUG] c.e.d.d.R.getForPrintRepliesByRelTypeCodeAndRelId - ==>  Preparing: SELECT R.*, IFNULL(M.nickname, "삭제된_회원") AS extra__writerName FROM reply AS R LEFT JOIN `member` AS M ON R.memberId = M.id WHERE R.relTypeCode = ? AND R.relId = ? AND R.delStatus = 0 ORDER BY R.id DESC
2021-08-08 00:05:16 [DEBUG] c.e.d.d.R.getForPrintRepliesByRelTypeCodeAndRelId - ==> Parameters: article(String), 3(Integer)
2021-08-08 00:05:16 [DEBUG] jdbc.sqltiming -  com.zaxxer.hikari.pool.ProxyPreparedStatement.execute(ProxyPreparedStatement.java:44)
131. SELECT R.*,
		IFNULL(M.nickname, "삭제된_회원") AS
		extra__writerName
		FROM reply AS R
		LEFT JOIN `member` AS M
		ON R.memberId =
		M.id
		WHERE R.relTypeCode = 'article'
		AND R.relId = 3
		AND
		R.delStatus = 0
		ORDER BY R.id DESC
 {executed in 0 msec}
2021-08-08 00:05:16 [INFO ] jdbc.resultsettable - 
|---|--------------------|--------------------|------------|------|---------|---------|----------|--------|---------|------------|----------|---------|-------------|----------|-------------|------------------|
|id |regdate             |updatedate          |reltypecode |relid |parentid |memberid |delstatus |deldate |body     |blindstatus |blinddate |hitcount |repliescount |likecount |dislikecount |extra__writername |
|---|--------------------|--------------------|------------|------|---------|---------|----------|--------|---------|------------|----------|---------|-------------|----------|-------------|------------------|
|2  |2021-08-07 18:14:35 |2021-08-07 18:14:35 |article     |3     |0        |1        |false     |null    |aaa      |false       |null      |0        |0            |0         |0            |유저1별명             |
|1  |2021-08-07 17:24:29 |2021-08-07 17:24:29 |article     |3     |0        |1        |false     |null    |asdfasdf |false       |null      |0        |0            |0         |0            |유저1별명             |
|---|--------------------|--------------------|------------|------|---------|---------|----------|--------|---------|------------|----------|---------|-------------|----------|-------------|------------------|

2021-08-08 00:05:16 [DEBUG] c.e.d.d.R.getForPrintRepliesByRelTypeCodeAndRelId - <==      Total: 2
2021-08-08 00:05:16 [DEBUG] org.mybatis.spring.SqlSessionUtils - Closing non transactional SqlSession [org.apache.ibatis.session.defaults.DefaultSqlSession@56160e66]
2021-08-08 00:05:16 [DEBUG] org.mybatis.spring.SqlSessionUtils - Creating a new SqlSession
2021-08-08 00:05:16 [DEBUG] org.mybatis.spring.SqlSessionUtils - SqlSession [org.apache.ibatis.session.defaults.DefaultSqlSession@4513e501] was not registered for synchronization because synchronization is not active
2021-08-08 00:05:16 [DEBUG] o.s.jdbc.datasource.DataSourceUtils - Fetching JDBC Connection from DataSource
2021-08-08 00:05:16 [DEBUG] o.m.s.t.SpringManagedTransaction - JDBC Connection [HikariProxyConnection@539291393 wrapping net.sf.log4jdbc.sql.jdbcapi.ConnectionSpy@621cdcc2] will not be managed by Spring
2021-08-08 00:05:16 [DEBUG] c.e.d.d.A.getClickLikeByMemberId - ==>  Preparing: SELECT COUNT(*) AS likeCount FROM checkLike WHERE typeCode=? AND typeId=? AND memberId=? AND checkLike=1
2021-08-08 00:05:16 [DEBUG] c.e.d.d.A.getClickLikeByMemberId - ==> Parameters: article(String), 3(Integer), 1(Integer)
2021-08-08 00:05:16 [DEBUG] jdbc.sqltiming -  com.zaxxer.hikari.pool.ProxyPreparedStatement.execute(ProxyPreparedStatement.java:44)
131. SELECT COUNT(*)
		AS
		likeCount
		FROM checkLike
		WHERE typeCode='article'
		AND typeId=3
		AND
		memberId=1
		AND checkLike=1
 {executed in 0 msec}
2021-08-08 00:05:16 [INFO ] jdbc.resultsettable - 
|----------|
|likecount |
|----------|
|1         |
|----------|

2021-08-08 00:05:16 [DEBUG] c.e.d.d.A.getClickLikeByMemberId - <==      Total: 1
2021-08-08 00:05:16 [DEBUG] org.mybatis.spring.SqlSessionUtils - Closing non transactional SqlSession [org.apache.ibatis.session.defaults.DefaultSqlSession@4513e501]
2021-08-08 00:05:16 [DEBUG] org.mybatis.spring.SqlSessionUtils - Creating a new SqlSession
2021-08-08 00:05:16 [DEBUG] org.mybatis.spring.SqlSessionUtils - SqlSession [org.apache.ibatis.session.defaults.DefaultSqlSession@3c016e9a] was not registered for synchronization because synchronization is not active
2021-08-08 00:05:16 [DEBUG] o.s.jdbc.datasource.DataSourceUtils - Fetching JDBC Connection from DataSource
2021-08-08 00:05:16 [DEBUG] o.m.s.t.SpringManagedTransaction - JDBC Connection [HikariProxyConnection@961293380 wrapping net.sf.log4jdbc.sql.jdbcapi.ConnectionSpy@621cdcc2] will not be managed by Spring
2021-08-08 00:05:16 [DEBUG] c.e.demo.dao.ArticleDao.getBoardById - ==>  Preparing: SELECT * FROM board AS B WHERE B.id = ? AND B.delStatus = 0
2021-08-08 00:05:16 [DEBUG] c.e.demo.dao.ArticleDao.getBoardById - ==> Parameters: 1(Integer)
2021-08-08 00:05:16 [DEBUG] jdbc.sqltiming -  com.zaxxer.hikari.pool.ProxyPreparedStatement.execute(ProxyPreparedStatement.java:44)
131. SELECT *
		FROM board AS B
		WHERE B.id = 1
		AND B.delStatus = 0
 {executed in 0 msec}
2021-08-08 00:05:16 [INFO ] jdbc.resultsettable - 
|---|--------------------|--------------------|-------|-------|------------|----------|----------|--------|---------|-------------|----------|-------------|
|id |regdate             |updatedate          |code   |name   |blindstatus |blinddate |delstatus |deldate |hitcount |repliescount |likecount |dislikecount |
|---|--------------------|--------------------|-------|-------|------------|----------|----------|--------|---------|-------------|----------|-------------|
|1  |2021-08-05 23:33:01 |2021-08-05 23:33:01 |notice |NOTICE |0           |[null]    |false     |null    |0        |0            |0         |0            |
|---|--------------------|--------------------|-------|-------|------------|----------|----------|--------|---------|-------------|----------|-------------|

2021-08-08 00:05:16 [DEBUG] c.e.demo.dao.ArticleDao.getBoardById - <==      Total: 1
2021-08-08 00:05:16 [DEBUG] org.mybatis.spring.SqlSessionUtils - Closing non transactional SqlSession [org.apache.ibatis.session.defaults.DefaultSqlSession@3c016e9a]
2021-08-08 00:05:16 [DEBUG] org.mybatis.spring.SqlSessionUtils - Creating a new SqlSession
2021-08-08 00:05:16 [DEBUG] org.mybatis.spring.SqlSessionUtils - SqlSession [org.apache.ibatis.session.defaults.DefaultSqlSession@185d3e2] was not registered for synchronization because synchronization is not active
2021-08-08 00:05:16 [DEBUG] o.s.jdbc.datasource.DataSourceUtils - Fetching JDBC Connection from DataSource
2021-08-08 00:05:16 [DEBUG] o.m.s.t.SpringManagedTransaction - JDBC Connection [HikariProxyConnection@1461347759 wrapping net.sf.log4jdbc.sql.jdbcapi.ConnectionSpy@621cdcc2] will not be managed by Spring
2021-08-08 00:05:16 [DEBUG] c.e.demo.dao.MemberDao.getMemberById - ==>  Preparing: SELECT * FROM `member` AS M WHERE M.id = ? AND M.delStatus = 0
2021-08-08 00:05:16 [DEBUG] c.e.demo.dao.MemberDao.getMemberById - ==> Parameters: 1(Integer)
2021-08-08 00:05:16 [DEBUG] jdbc.sqltiming -  com.zaxxer.hikari.pool.ProxyPreparedStatement.execute(ProxyPreparedStatement.java:44)
131. SELECT *
		FROM `member` AS M
		WHERE M.id = 1
		AND M.delStatus = 0
 {executed in 1 msec}
2021-08-08 00:05:16 [INFO ] jdbc.resultsettable - 
|---|--------------------|--------------------|--------|-----------------------------------------------------------------|------|---------|--------------------|------------|----------|--------|
|id |regdate             |updatedate          |loginid |loginpw                                                          |name  |nickname |email               |cellphoneno |delstatus |deldate |
|---|--------------------|--------------------|--------|-----------------------------------------------------------------|------|---------|--------------------|------------|----------|--------|
|1  |2021-08-05 23:33:01 |2021-08-05 23:33:01 |user1   |0a041b9462caa4a31bac3567e0b6e6fd9100787db2ab433d96f6d178cabfce90 |유저1이름 |유저1별명    |jangka512@gmail.com |01012341234 |false     |null    |
|---|--------------------|--------------------|--------|-----------------------------------------------------------------|------|---------|--------------------|------------|----------|--------|

2021-08-08 00:05:16 [DEBUG] c.e.demo.dao.MemberDao.getMemberById - <==      Total: 1
2021-08-08 00:05:16 [DEBUG] org.mybatis.spring.SqlSessionUtils - Creating a new SqlSession
2021-08-08 00:05:16 [DEBUG] org.mybatis.spring.SqlSessionUtils - Closing non transactional SqlSession [org.apache.ibatis.session.defaults.DefaultSqlSession@185d3e2]
2021-08-08 00:05:16 [DEBUG] org.mybatis.spring.SqlSessionUtils - SqlSession [org.apache.ibatis.session.defaults.DefaultSqlSession@2ce26290] was not registered for synchronization because synchronization is not active
2021-08-08 00:05:16 [DEBUG] org.mybatis.spring.SqlSessionUtils - Creating a new SqlSession
2021-08-08 00:05:16 [DEBUG] org.mybatis.spring.SqlSessionUtils - SqlSession [org.apache.ibatis.session.defaults.DefaultSqlSession@28433499] was not registered for synchronization because synchronization is not active
2021-08-08 00:05:16 [DEBUG] o.s.jdbc.datasource.DataSourceUtils - Fetching JDBC Connection from DataSource
2021-08-08 00:05:16 [DEBUG] o.s.jdbc.datasource.DataSourceUtils - Fetching JDBC Connection from DataSource
2021-08-08 00:05:16 [DEBUG] o.m.s.t.SpringManagedTransaction - JDBC Connection [HikariProxyConnection@1199366661 wrapping net.sf.log4jdbc.sql.jdbcapi.ConnectionSpy@621cdcc2] will not be managed by Spring
2021-08-08 00:05:16 [DEBUG] c.e.demo.dao.MemberDao.getMemberById - ==>  Preparing: SELECT * FROM `member` AS M WHERE M.id = ? AND M.delStatus = 0
2021-08-08 00:05:16 [DEBUG] c.e.demo.dao.MemberDao.getMemberById - ==> Parameters: 1(Integer)
2021-08-08 00:05:16 [DEBUG] o.m.s.t.SpringManagedTransaction - JDBC Connection [HikariProxyConnection@21897687 wrapping net.sf.log4jdbc.sql.jdbcapi.ConnectionSpy@6e2b0422] will not be managed by Spring
2021-08-08 00:05:16 [DEBUG] c.e.d.dao.MemberDao.checkUsingTempPw - ==>  Preparing: SELECT memberId FROM usingTempPw WHERE memberId=?
2021-08-08 00:05:16 [DEBUG] c.e.d.dao.MemberDao.checkUsingTempPw - ==> Parameters: 1(Integer)
2021-08-08 00:05:16 [DEBUG] jdbc.sqltiming -  com.zaxxer.hikari.pool.ProxyPreparedStatement.execute(ProxyPreparedStatement.java:44)
132. SELECT memberId FROM
		usingTempPw
		WHERE memberId=1
 {executed in 0 msec}
2021-08-08 00:05:16 [DEBUG] jdbc.sqltiming -  com.zaxxer.hikari.pool.ProxyPreparedStatement.execute(ProxyPreparedStatement.java:44)
131. SELECT *
		FROM `member` AS M
		WHERE M.id = 1
		AND M.delStatus = 0
 {executed in 0 msec}
2021-08-08 00:05:16 [INFO ] jdbc.resultsettable - 
|---------|
|memberid |
|---------|
|---------|

2021-08-08 00:05:16 [DEBUG] c.e.d.dao.MemberDao.checkUsingTempPw - <==      Total: 0
2021-08-08 00:05:16 [DEBUG] org.mybatis.spring.SqlSessionUtils - Closing non transactional SqlSession [org.apache.ibatis.session.defaults.DefaultSqlSession@28433499]
2021-08-08 00:05:16 [DEBUG] org.mybatis.spring.SqlSessionUtils - Creating a new SqlSession
2021-08-08 00:05:16 [DEBUG] org.mybatis.spring.SqlSessionUtils - SqlSession [org.apache.ibatis.session.defaults.DefaultSqlSession@7464e382] was not registered for synchronization because synchronization is not active
2021-08-08 00:05:16 [DEBUG] o.s.jdbc.datasource.DataSourceUtils - Fetching JDBC Connection from DataSource
2021-08-08 00:05:16 [DEBUG] o.m.s.t.SpringManagedTransaction - JDBC Connection [HikariProxyConnection@24300872 wrapping net.sf.log4jdbc.sql.jdbcapi.ConnectionSpy@6e2b0422] will not be managed by Spring
2021-08-08 00:05:16 [DEBUG] c.e.d.d.M.checkTooLongUsingPw - ==>  Preparing: SELECT id FROM `member` WHERE id=? AND NOW()>=DATE_ADD(updateDate, INTERVAL 30 MINUTE)
2021-08-08 00:05:16 [DEBUG] c.e.d.d.M.checkTooLongUsingPw - ==> Parameters: 1(Integer)
2021-08-08 00:05:16 [DEBUG] jdbc.sqltiming -  com.zaxxer.hikari.pool.ProxyPreparedStatement.execute(ProxyPreparedStatement.java:44)
132. SELECT id FROM
		`member`
		WHERE id=1
		AND NOW()>=DATE_ADD(updateDate, INTERVAL 30
		MINUTE)
 {executed in 0 msec}
2021-08-08 00:05:16 [INFO ] jdbc.resultsettable - 
|---|
|id |
|---|
|1  |
|---|

2021-08-08 00:05:16 [DEBUG] c.e.d.d.M.checkTooLongUsingPw - <==      Total: 1
2021-08-08 00:05:16 [DEBUG] org.mybatis.spring.SqlSessionUtils - Closing non transactional SqlSession [org.apache.ibatis.session.defaults.DefaultSqlSession@7464e382]
2021-08-08 00:05:16 [INFO ] jdbc.resultsettable - 
|---|--------------------|--------------------|--------|-----------------------------------------------------------------|------|---------|--------------------|------------|----------|--------|
|id |regdate             |updatedate          |loginid |loginpw                                                          |name  |nickname |email               |cellphoneno |delstatus |deldate |
|---|--------------------|--------------------|--------|-----------------------------------------------------------------|------|---------|--------------------|------------|----------|--------|
|1  |2021-08-05 23:33:01 |2021-08-05 23:33:01 |user1   |0a041b9462caa4a31bac3567e0b6e6fd9100787db2ab433d96f6d178cabfce90 |유저1이름 |유저1별명    |jangka512@gmail.com |01012341234 |false     |null    |
|---|--------------------|--------------------|--------|-----------------------------------------------------------------|------|---------|--------------------|------------|----------|--------|

2021-08-08 00:05:16 [DEBUG] c.e.demo.dao.MemberDao.getMemberById - <==      Total: 1
2021-08-08 00:05:16 [DEBUG] org.mybatis.spring.SqlSessionUtils - Closing non transactional SqlSession [org.apache.ibatis.session.defaults.DefaultSqlSession@2ce26290]
2021-08-08 00:05:16 [DEBUG] org.mybatis.spring.SqlSessionUtils - Creating a new SqlSession
2021-08-08 00:05:16 [DEBUG] org.mybatis.spring.SqlSessionUtils - SqlSession [org.apache.ibatis.session.defaults.DefaultSqlSession@22f46b3] was not registered for synchronization because synchronization is not active
2021-08-08 00:05:16 [DEBUG] o.s.jdbc.datasource.DataSourceUtils - Fetching JDBC Connection from DataSource
2021-08-08 00:05:16 [DEBUG] o.m.s.t.SpringManagedTransaction - JDBC Connection [HikariProxyConnection@933677209 wrapping net.sf.log4jdbc.sql.jdbcapi.ConnectionSpy@621cdcc2] will not be managed by Spring
2021-08-08 00:05:16 [DEBUG] c.e.d.dao.MemberDao.checkUsingTempPw - ==>  Preparing: SELECT memberId FROM usingTempPw WHERE memberId=?
2021-08-08 00:05:16 [DEBUG] c.e.d.dao.MemberDao.checkUsingTempPw - ==> Parameters: 1(Integer)
2021-08-08 00:05:16 [DEBUG] jdbc.sqltiming -  com.zaxxer.hikari.pool.ProxyPreparedStatement.execute(ProxyPreparedStatement.java:44)
131. SELECT memberId FROM
		usingTempPw
		WHERE memberId=1
 {executed in 1 msec}
2021-08-08 00:05:16 [INFO ] jdbc.resultsettable - 
|---------|
|memberid |
|---------|
|---------|

2021-08-08 00:05:16 [DEBUG] c.e.d.dao.MemberDao.checkUsingTempPw - <==      Total: 0
2021-08-08 00:05:16 [DEBUG] org.mybatis.spring.SqlSessionUtils - Closing non transactional SqlSession [org.apache.ibatis.session.defaults.DefaultSqlSession@22f46b3]
2021-08-08 00:05:16 [DEBUG] org.mybatis.spring.SqlSessionUtils - Creating a new SqlSession
2021-08-08 00:05:16 [DEBUG] org.mybatis.spring.SqlSessionUtils - SqlSession [org.apache.ibatis.session.defaults.DefaultSqlSession@e59c1da] was not registered for synchronization because synchronization is not active
2021-08-08 00:05:16 [DEBUG] o.s.jdbc.datasource.DataSourceUtils - Fetching JDBC Connection from DataSource
2021-08-08 00:05:16 [DEBUG] o.m.s.t.SpringManagedTransaction - JDBC Connection [HikariProxyConnection@2128883342 wrapping net.sf.log4jdbc.sql.jdbcapi.ConnectionSpy@621cdcc2] will not be managed by Spring
2021-08-08 00:05:16 [DEBUG] c.e.d.d.M.checkTooLongUsingPw - ==>  Preparing: SELECT id FROM `member` WHERE id=? AND NOW()>=DATE_ADD(updateDate, INTERVAL 30 MINUTE)
2021-08-08 00:05:16 [DEBUG] c.e.d.d.M.checkTooLongUsingPw - ==> Parameters: 1(Integer)
2021-08-08 00:05:16 [DEBUG] jdbc.sqltiming -  com.zaxxer.hikari.pool.ProxyPreparedStatement.execute(ProxyPreparedStatement.java:44)
131. SELECT id FROM
		`member`
		WHERE id=1
		AND NOW()>=DATE_ADD(updateDate, INTERVAL 30
		MINUTE)
 {executed in 0 msec}
2021-08-08 00:05:16 [INFO ] jdbc.resultsettable - 
|---|
|id |
|---|
|1  |
|---|

2021-08-08 00:05:16 [DEBUG] c.e.d.d.M.checkTooLongUsingPw - <==      Total: 1
2021-08-08 00:05:16 [DEBUG] org.mybatis.spring.SqlSessionUtils - Closing non transactional SqlSession [org.apache.ibatis.session.defaults.DefaultSqlSession@e59c1da]
2021-08-08 00:05:36 [DEBUG] com.zaxxer.hikari.pool.HikariPool - HikariPool-1 - Pool stats (total=10, active=0, idle=10, waiting=0)
2021-08-08 00:05:36 [DEBUG] com.zaxxer.hikari.pool.HikariPool - HikariPool-1 - Fill pool skipped, pool is at sufficient level.
2021-08-08 00:06:06 [DEBUG] com.zaxxer.hikari.pool.HikariPool - HikariPool-1 - Pool stats (total=10, active=0, idle=10, waiting=0)
2021-08-08 00:06:06 [DEBUG] com.zaxxer.hikari.pool.HikariPool - HikariPool-1 - Fill pool skipped, pool is at sufficient level.
2021-08-08 00:06:36 [DEBUG] com.zaxxer.hikari.pool.HikariPool - HikariPool-1 - Pool stats (total=10, active=0, idle=10, waiting=0)
2021-08-08 00:06:36 [DEBUG] com.zaxxer.hikari.pool.HikariPool - HikariPool-1 - Fill pool skipped, pool is at sufficient level.
2021-08-08 00:07:06 [DEBUG] com.zaxxer.hikari.pool.HikariPool - HikariPool-1 - Pool stats (total=10, active=0, idle=10, waiting=0)
2021-08-08 00:07:06 [DEBUG] com.zaxxer.hikari.pool.HikariPool - HikariPool-1 - Fill pool skipped, pool is at sufficient level.
2021-08-08 00:07:36 [DEBUG] com.zaxxer.hikari.pool.HikariPool - HikariPool-1 - Pool stats (total=10, active=0, idle=10, waiting=0)
2021-08-08 00:07:36 [DEBUG] com.zaxxer.hikari.pool.HikariPool - HikariPool-1 - Fill pool skipped, pool is at sufficient level.
2021-08-08 00:08:06 [DEBUG] com.zaxxer.hikari.pool.HikariPool - HikariPool-1 - Pool stats (total=10, active=0, idle=10, waiting=0)
2021-08-08 00:08:06 [DEBUG] com.zaxxer.hikari.pool.HikariPool - HikariPool-1 - Fill pool skipped, pool is at sufficient level.
2021-08-08 00:08:36 [DEBUG] com.zaxxer.hikari.pool.HikariPool - HikariPool-1 - Pool stats (total=10, active=0, idle=10, waiting=0)
2021-08-08 00:08:36 [DEBUG] com.zaxxer.hikari.pool.HikariPool - HikariPool-1 - Fill pool skipped, pool is at sufficient level.
2021-08-08 00:08:47 [DEBUG] org.mybatis.spring.SqlSessionUtils - Creating a new SqlSession
2021-08-08 00:08:47 [DEBUG] org.mybatis.spring.SqlSessionUtils - SqlSession [org.apache.ibatis.session.defaults.DefaultSqlSession@21f46955] was not registered for synchronization because synchronization is not active
2021-08-08 00:08:47 [DEBUG] o.s.jdbc.datasource.DataSourceUtils - Fetching JDBC Connection from DataSource
2021-08-08 00:08:47 [DEBUG] o.m.s.t.SpringManagedTransaction - JDBC Connection [HikariProxyConnection@887329299 wrapping net.sf.log4jdbc.sql.jdbcapi.ConnectionSpy@621cdcc2] will not be managed by Spring
2021-08-08 00:08:47 [DEBUG] c.e.demo.dao.MemberDao.getMemberById - ==>  Preparing: SELECT * FROM `member` AS M WHERE M.id = ? AND M.delStatus = 0
2021-08-08 00:08:47 [DEBUG] c.e.demo.dao.MemberDao.getMemberById - ==> Parameters: 1(Integer)
2021-08-08 00:08:47 [DEBUG] jdbc.sqltiming -  com.zaxxer.hikari.pool.ProxyPreparedStatement.execute(ProxyPreparedStatement.java:44)
131. SELECT *
		FROM `member` AS M
		WHERE M.id = 1
		AND M.delStatus = 0
 {executed in 0 msec}
2021-08-08 00:08:47 [INFO ] jdbc.resultsettable - 
|---|--------------------|--------------------|--------|-----------------------------------------------------------------|------|---------|--------------------|------------|----------|--------|
|id |regdate             |updatedate          |loginid |loginpw                                                          |name  |nickname |email               |cellphoneno |delstatus |deldate |
|---|--------------------|--------------------|--------|-----------------------------------------------------------------|------|---------|--------------------|------------|----------|--------|
|1  |2021-08-05 23:33:01 |2021-08-05 23:33:01 |user1   |0a041b9462caa4a31bac3567e0b6e6fd9100787db2ab433d96f6d178cabfce90 |유저1이름 |유저1별명    |jangka512@gmail.com |01012341234 |false     |null    |
|---|--------------------|--------------------|--------|-----------------------------------------------------------------|------|---------|--------------------|------------|----------|--------|

2021-08-08 00:08:47 [DEBUG] c.e.demo.dao.MemberDao.getMemberById - <==      Total: 1
2021-08-08 00:08:47 [DEBUG] org.mybatis.spring.SqlSessionUtils - Closing non transactional SqlSession [org.apache.ibatis.session.defaults.DefaultSqlSession@21f46955]
2021-08-08 00:08:47 [DEBUG] org.mybatis.spring.SqlSessionUtils - Creating a new SqlSession
2021-08-08 00:08:47 [DEBUG] org.mybatis.spring.SqlSessionUtils - SqlSession [org.apache.ibatis.session.defaults.DefaultSqlSession@d87a521] was not registered for synchronization because synchronization is not active
2021-08-08 00:08:47 [DEBUG] o.s.jdbc.datasource.DataSourceUtils - Fetching JDBC Connection from DataSource
2021-08-08 00:08:47 [DEBUG] o.m.s.t.SpringManagedTransaction - JDBC Connection [HikariProxyConnection@1781934670 wrapping net.sf.log4jdbc.sql.jdbcapi.ConnectionSpy@621cdcc2] will not be managed by Spring
2021-08-08 00:08:47 [DEBUG] c.e.d.dao.MemberDao.checkUsingTempPw - ==>  Preparing: SELECT memberId FROM usingTempPw WHERE memberId=?
2021-08-08 00:08:47 [DEBUG] c.e.d.dao.MemberDao.checkUsingTempPw - ==> Parameters: 1(Integer)
2021-08-08 00:08:47 [DEBUG] jdbc.sqltiming -  com.zaxxer.hikari.pool.ProxyPreparedStatement.execute(ProxyPreparedStatement.java:44)
131. SELECT memberId FROM
		usingTempPw
		WHERE memberId=1
 {executed in 1 msec}
2021-08-08 00:08:47 [INFO ] jdbc.resultsettable - 
|---------|
|memberid |
|---------|
|---------|

2021-08-08 00:08:47 [DEBUG] c.e.d.dao.MemberDao.checkUsingTempPw - <==      Total: 0
2021-08-08 00:08:47 [DEBUG] org.mybatis.spring.SqlSessionUtils - Closing non transactional SqlSession [org.apache.ibatis.session.defaults.DefaultSqlSession@d87a521]
2021-08-08 00:08:47 [DEBUG] org.mybatis.spring.SqlSessionUtils - Creating a new SqlSession
2021-08-08 00:08:47 [DEBUG] org.mybatis.spring.SqlSessionUtils - SqlSession [org.apache.ibatis.session.defaults.DefaultSqlSession@313dbe77] was not registered for synchronization because synchronization is not active
2021-08-08 00:08:47 [DEBUG] o.s.jdbc.datasource.DataSourceUtils - Fetching JDBC Connection from DataSource
2021-08-08 00:08:47 [DEBUG] o.m.s.t.SpringManagedTransaction - JDBC Connection [HikariProxyConnection@2080032153 wrapping net.sf.log4jdbc.sql.jdbcapi.ConnectionSpy@621cdcc2] will not be managed by Spring
2021-08-08 00:08:47 [DEBUG] c.e.d.d.M.checkTooLongUsingPw - ==>  Preparing: SELECT id FROM `member` WHERE id=? AND NOW()>=DATE_ADD(updateDate, INTERVAL 30 MINUTE)
2021-08-08 00:08:47 [DEBUG] c.e.d.d.M.checkTooLongUsingPw - ==> Parameters: 1(Integer)
2021-08-08 00:08:47 [DEBUG] jdbc.sqltiming -  com.zaxxer.hikari.pool.ProxyPreparedStatement.execute(ProxyPreparedStatement.java:44)
131. SELECT id FROM
		`member`
		WHERE id=1
		AND NOW()>=DATE_ADD(updateDate, INTERVAL 30
		MINUTE)
 {executed in 0 msec}
2021-08-08 00:08:47 [INFO ] jdbc.resultsettable - 
|---|
|id |
|---|
|1  |
|---|

2021-08-08 00:08:47 [DEBUG] c.e.d.d.M.checkTooLongUsingPw - <==      Total: 1
2021-08-08 00:08:47 [DEBUG] org.mybatis.spring.SqlSessionUtils - Closing non transactional SqlSession [org.apache.ibatis.session.defaults.DefaultSqlSession@313dbe77]
2021-08-08 00:08:47 [DEBUG] org.mybatis.spring.SqlSessionUtils - Creating a new SqlSession
2021-08-08 00:08:47 [DEBUG] org.mybatis.spring.SqlSessionUtils - SqlSession [org.apache.ibatis.session.defaults.DefaultSqlSession@3607cce7] was not registered for synchronization because synchronization is not active
2021-08-08 00:08:47 [DEBUG] o.s.jdbc.datasource.DataSourceUtils - Fetching JDBC Connection from DataSource
2021-08-08 00:08:47 [DEBUG] o.m.s.t.SpringManagedTransaction - JDBC Connection [HikariProxyConnection@392523827 wrapping net.sf.log4jdbc.sql.jdbcapi.ConnectionSpy@621cdcc2] will not be managed by Spring
2021-08-08 00:08:47 [DEBUG] c.e.d.dao.ArticleDao.checkClickView - ==>  Preparing: SELECT COUNT(*) FROM articleHitList WHERE articleId=? AND memberId=?
2021-08-08 00:08:47 [DEBUG] c.e.d.dao.ArticleDao.checkClickView - ==> Parameters: 3(Integer), 1(Integer)
2021-08-08 00:08:47 [DEBUG] jdbc.sqltiming -  com.zaxxer.hikari.pool.ProxyPreparedStatement.execute(ProxyPreparedStatement.java:44)
131. SELECT COUNT(*) FROM
		articleHitList
		WHERE articleId=3
		AND
		memberId=1
 {executed in 0 msec}
2021-08-08 00:08:47 [INFO ] jdbc.resultsettable - 
|---------|
|count(*) |
|---------|
|1        |
|---------|

2021-08-08 00:08:47 [DEBUG] c.e.d.dao.ArticleDao.checkClickView - <==      Total: 1
2021-08-08 00:08:47 [DEBUG] org.mybatis.spring.SqlSessionUtils - Closing non transactional SqlSession [org.apache.ibatis.session.defaults.DefaultSqlSession@3607cce7]
2021-08-08 00:08:47 [DEBUG] org.mybatis.spring.SqlSessionUtils - Creating a new SqlSession
2021-08-08 00:08:47 [DEBUG] org.mybatis.spring.SqlSessionUtils - SqlSession [org.apache.ibatis.session.defaults.DefaultSqlSession@7a551857] was not registered for synchronization because synchronization is not active
2021-08-08 00:08:47 [DEBUG] o.s.jdbc.datasource.DataSourceUtils - Fetching JDBC Connection from DataSource
2021-08-08 00:08:47 [DEBUG] o.m.s.t.SpringManagedTransaction - JDBC Connection [HikariProxyConnection@849725710 wrapping net.sf.log4jdbc.sql.jdbcapi.ConnectionSpy@621cdcc2] will not be managed by Spring
2021-08-08 00:08:47 [DEBUG] c.e.d.d.A.getForPrintArticleById - ==>  Preparing: SELECT A.*, IFNULL(M.name, "삭제된_회원") AS extra__writerName FROM article AS A LEFT JOIN member AS M ON A.memberId = M.id WHERE A.id = ? AND A.delStatus = 0
2021-08-08 00:08:47 [DEBUG] c.e.d.d.A.getForPrintArticleById - ==> Parameters: 3(Integer)
2021-08-08 00:08:47 [DEBUG] jdbc.sqltiming -  com.zaxxer.hikari.pool.ProxyPreparedStatement.execute(ProxyPreparedStatement.java:44)
131. SELECT A.*,
		IFNULL(M.name, "삭제된_회원") AS extra__writerName
		FROM article AS A
		LEFT
		JOIN member AS M
		ON A.memberId = M.id
		WHERE A.id = 3
		AND A.delStatus
		= 0
 {executed in 0 msec}
2021-08-08 00:08:47 [INFO ] jdbc.resultsettable - 
|---|--------------------|--------------------|--------|---------|------|-----|------------|----------|----------|--------|---------|-------------|----------|-------------|------------------|
|id |regdate             |updatedate          |boardid |memberid |title |body |blindstatus |blinddate |delstatus |deldate |hitcount |repliescount |likecount |dislikecount |extra__writername |
|---|--------------------|--------------------|--------|---------|------|-----|------------|----------|----------|--------|---------|-------------|----------|-------------|------------------|
|3  |2021-08-05 23:33:01 |2021-08-05 23:33:01 |1       |1        |제목3   |본문3  |false       |null      |false     |null    |1        |0            |1         |0            |유저1이름             |
|---|--------------------|--------------------|--------|---------|------|-----|------------|----------|----------|--------|---------|-------------|----------|-------------|------------------|

2021-08-08 00:08:47 [DEBUG] c.e.d.d.A.getForPrintArticleById - <==      Total: 1
2021-08-08 00:08:47 [DEBUG] org.mybatis.spring.SqlSessionUtils - Closing non transactional SqlSession [org.apache.ibatis.session.defaults.DefaultSqlSession@7a551857]
2021-08-08 00:08:47 [DEBUG] org.mybatis.spring.SqlSessionUtils - Creating a new SqlSession
2021-08-08 00:08:47 [DEBUG] org.mybatis.spring.SqlSessionUtils - SqlSession [org.apache.ibatis.session.defaults.DefaultSqlSession@6f8d6e51] was not registered for synchronization because synchronization is not active
2021-08-08 00:08:47 [DEBUG] o.s.jdbc.datasource.DataSourceUtils - Fetching JDBC Connection from DataSource
2021-08-08 00:08:47 [DEBUG] o.m.s.t.SpringManagedTransaction - JDBC Connection [HikariProxyConnection@2101616999 wrapping net.sf.log4jdbc.sql.jdbcapi.ConnectionSpy@621cdcc2] will not be managed by Spring
2021-08-08 00:08:47 [DEBUG] c.e.d.d.R.getForPrintRepliesByRelTypeCodeAndRelId - ==>  Preparing: SELECT R.*, IFNULL(M.nickname, "삭제된_회원") AS extra__writerName FROM reply AS R LEFT JOIN `member` AS M ON R.memberId = M.id WHERE R.relTypeCode = ? AND R.relId = ? AND R.delStatus = 0 ORDER BY R.id DESC
2021-08-08 00:08:47 [DEBUG] c.e.d.d.R.getForPrintRepliesByRelTypeCodeAndRelId - ==> Parameters: article(String), 3(Integer)
2021-08-08 00:08:47 [DEBUG] jdbc.sqltiming -  com.zaxxer.hikari.pool.ProxyPreparedStatement.execute(ProxyPreparedStatement.java:44)
131. SELECT R.*,
		IFNULL(M.nickname, "삭제된_회원") AS
		extra__writerName
		FROM reply AS R
		LEFT JOIN `member` AS M
		ON R.memberId =
		M.id
		WHERE R.relTypeCode = 'article'
		AND R.relId = 3
		AND
		R.delStatus = 0
		ORDER BY R.id DESC
 {executed in 1 msec}
2021-08-08 00:08:47 [INFO ] jdbc.resultsettable - 
|---|--------------------|--------------------|------------|------|---------|---------|----------|--------|---------|------------|----------|---------|-------------|----------|-------------|------------------|
|id |regdate             |updatedate          |reltypecode |relid |parentid |memberid |delstatus |deldate |body     |blindstatus |blinddate |hitcount |repliescount |likecount |dislikecount |extra__writername |
|---|--------------------|--------------------|------------|------|---------|---------|----------|--------|---------|------------|----------|---------|-------------|----------|-------------|------------------|
|2  |2021-08-07 18:14:35 |2021-08-07 18:14:35 |article     |3     |0        |1        |false     |null    |aaa      |false       |null      |0        |0            |0         |0            |유저1별명             |
|1  |2021-08-07 17:24:29 |2021-08-07 17:24:29 |article     |3     |0        |1        |false     |null    |asdfasdf |false       |null      |0        |0            |0         |0            |유저1별명             |
|---|--------------------|--------------------|------------|------|---------|---------|----------|--------|---------|------------|----------|---------|-------------|----------|-------------|------------------|

2021-08-08 00:08:47 [DEBUG] c.e.d.d.R.getForPrintRepliesByRelTypeCodeAndRelId - <==      Total: 2
2021-08-08 00:08:47 [DEBUG] org.mybatis.spring.SqlSessionUtils - Closing non transactional SqlSession [org.apache.ibatis.session.defaults.DefaultSqlSession@6f8d6e51]
2021-08-08 00:08:47 [DEBUG] org.mybatis.spring.SqlSessionUtils - Creating a new SqlSession
2021-08-08 00:08:47 [DEBUG] org.mybatis.spring.SqlSessionUtils - SqlSession [org.apache.ibatis.session.defaults.DefaultSqlSession@170f0cf2] was not registered for synchronization because synchronization is not active
2021-08-08 00:08:47 [DEBUG] o.s.jdbc.datasource.DataSourceUtils - Fetching JDBC Connection from DataSource
2021-08-08 00:08:47 [DEBUG] o.m.s.t.SpringManagedTransaction - JDBC Connection [HikariProxyConnection@1426130228 wrapping net.sf.log4jdbc.sql.jdbcapi.ConnectionSpy@621cdcc2] will not be managed by Spring
2021-08-08 00:08:47 [DEBUG] c.e.d.d.A.getClickLikeByMemberId - ==>  Preparing: SELECT COUNT(*) AS likeCount FROM checkLike WHERE typeCode=? AND typeId=? AND memberId=? AND checkLike=1
2021-08-08 00:08:47 [DEBUG] c.e.d.d.A.getClickLikeByMemberId - ==> Parameters: article(String), 3(Integer), 1(Integer)
2021-08-08 00:08:47 [DEBUG] jdbc.sqltiming -  com.zaxxer.hikari.pool.ProxyPreparedStatement.execute(ProxyPreparedStatement.java:44)
131. SELECT COUNT(*)
		AS
		likeCount
		FROM checkLike
		WHERE typeCode='article'
		AND typeId=3
		AND
		memberId=1
		AND checkLike=1
 {executed in 0 msec}
2021-08-08 00:08:47 [INFO ] jdbc.resultsettable - 
|----------|
|likecount |
|----------|
|1         |
|----------|

2021-08-08 00:08:47 [DEBUG] c.e.d.d.A.getClickLikeByMemberId - <==      Total: 1
2021-08-08 00:08:47 [DEBUG] org.mybatis.spring.SqlSessionUtils - Closing non transactional SqlSession [org.apache.ibatis.session.defaults.DefaultSqlSession@170f0cf2]
2021-08-08 00:08:47 [DEBUG] org.mybatis.spring.SqlSessionUtils - Creating a new SqlSession
2021-08-08 00:08:47 [DEBUG] org.mybatis.spring.SqlSessionUtils - SqlSession [org.apache.ibatis.session.defaults.DefaultSqlSession@33b7f8ba] was not registered for synchronization because synchronization is not active
2021-08-08 00:08:47 [DEBUG] o.s.jdbc.datasource.DataSourceUtils - Fetching JDBC Connection from DataSource
2021-08-08 00:08:47 [DEBUG] o.m.s.t.SpringManagedTransaction - JDBC Connection [HikariProxyConnection@1451744420 wrapping net.sf.log4jdbc.sql.jdbcapi.ConnectionSpy@621cdcc2] will not be managed by Spring
2021-08-08 00:08:47 [DEBUG] c.e.demo.dao.ArticleDao.getBoardById - ==>  Preparing: SELECT * FROM board AS B WHERE B.id = ? AND B.delStatus = 0
2021-08-08 00:08:47 [DEBUG] c.e.demo.dao.ArticleDao.getBoardById - ==> Parameters: 1(Integer)
2021-08-08 00:08:47 [DEBUG] jdbc.sqltiming -  com.zaxxer.hikari.pool.ProxyPreparedStatement.execute(ProxyPreparedStatement.java:44)
131. SELECT *
		FROM board AS B
		WHERE B.id = 1
		AND B.delStatus = 0
 {executed in 0 msec}
2021-08-08 00:08:47 [INFO ] jdbc.resultsettable - 
|---|--------------------|--------------------|-------|-------|------------|----------|----------|--------|---------|-------------|----------|-------------|
|id |regdate             |updatedate          |code   |name   |blindstatus |blinddate |delstatus |deldate |hitcount |repliescount |likecount |dislikecount |
|---|--------------------|--------------------|-------|-------|------------|----------|----------|--------|---------|-------------|----------|-------------|
|1  |2021-08-05 23:33:01 |2021-08-05 23:33:01 |notice |NOTICE |0           |[null]    |false     |null    |0        |0            |0         |0            |
|---|--------------------|--------------------|-------|-------|------------|----------|----------|--------|---------|-------------|----------|-------------|

2021-08-08 00:08:47 [DEBUG] c.e.demo.dao.ArticleDao.getBoardById - <==      Total: 1
2021-08-08 00:08:47 [DEBUG] org.mybatis.spring.SqlSessionUtils - Closing non transactional SqlSession [org.apache.ibatis.session.defaults.DefaultSqlSession@33b7f8ba]
2021-08-08 00:08:47 [DEBUG] org.mybatis.spring.SqlSessionUtils - Creating a new SqlSession
2021-08-08 00:08:47 [DEBUG] org.mybatis.spring.SqlSessionUtils - SqlSession [org.apache.ibatis.session.defaults.DefaultSqlSession@5d9b46d9] was not registered for synchronization because synchronization is not active
2021-08-08 00:08:47 [DEBUG] o.s.jdbc.datasource.DataSourceUtils - Fetching JDBC Connection from DataSource
2021-08-08 00:08:47 [DEBUG] o.m.s.t.SpringManagedTransaction - JDBC Connection [HikariProxyConnection@941311803 wrapping net.sf.log4jdbc.sql.jdbcapi.ConnectionSpy@621cdcc2] will not be managed by Spring
2021-08-08 00:08:47 [DEBUG] c.e.demo.dao.MemberDao.getMemberById - ==>  Preparing: SELECT * FROM `member` AS M WHERE M.id = ? AND M.delStatus = 0
2021-08-08 00:08:47 [DEBUG] c.e.demo.dao.MemberDao.getMemberById - ==> Parameters: 1(Integer)
2021-08-08 00:08:47 [DEBUG] jdbc.sqltiming -  com.zaxxer.hikari.pool.ProxyPreparedStatement.execute(ProxyPreparedStatement.java:44)
131. SELECT *
		FROM `member` AS M
		WHERE M.id = 1
		AND M.delStatus = 0
 {executed in 1 msec}
2021-08-08 00:08:47 [INFO ] jdbc.resultsettable - 
|---|--------------------|--------------------|--------|-----------------------------------------------------------------|------|---------|--------------------|------------|----------|--------|
|id |regdate             |updatedate          |loginid |loginpw                                                          |name  |nickname |email               |cellphoneno |delstatus |deldate |
|---|--------------------|--------------------|--------|-----------------------------------------------------------------|------|---------|--------------------|------------|----------|--------|
|1  |2021-08-05 23:33:01 |2021-08-05 23:33:01 |user1   |0a041b9462caa4a31bac3567e0b6e6fd9100787db2ab433d96f6d178cabfce90 |유저1이름 |유저1별명    |jangka512@gmail.com |01012341234 |false     |null    |
|---|--------------------|--------------------|--------|-----------------------------------------------------------------|------|---------|--------------------|------------|----------|--------|

2021-08-08 00:08:47 [DEBUG] c.e.demo.dao.MemberDao.getMemberById - <==      Total: 1
2021-08-08 00:08:47 [DEBUG] org.mybatis.spring.SqlSessionUtils - Closing non transactional SqlSession [org.apache.ibatis.session.defaults.DefaultSqlSession@5d9b46d9]
2021-08-08 00:08:47 [DEBUG] org.mybatis.spring.SqlSessionUtils - Creating a new SqlSession
2021-08-08 00:08:47 [DEBUG] org.mybatis.spring.SqlSessionUtils - SqlSession [org.apache.ibatis.session.defaults.DefaultSqlSession@7a444f3b] was not registered for synchronization because synchronization is not active
2021-08-08 00:08:47 [DEBUG] o.s.jdbc.datasource.DataSourceUtils - Fetching JDBC Connection from DataSource
2021-08-08 00:08:47 [DEBUG] o.m.s.t.SpringManagedTransaction - JDBC Connection [HikariProxyConnection@401058559 wrapping net.sf.log4jdbc.sql.jdbcapi.ConnectionSpy@621cdcc2] will not be managed by Spring
2021-08-08 00:08:47 [DEBUG] c.e.d.dao.MemberDao.checkUsingTempPw - ==>  Preparing: SELECT memberId FROM usingTempPw WHERE memberId=?
2021-08-08 00:08:47 [DEBUG] c.e.d.dao.MemberDao.checkUsingTempPw - ==> Parameters: 1(Integer)
2021-08-08 00:08:47 [DEBUG] jdbc.sqltiming -  com.zaxxer.hikari.pool.ProxyPreparedStatement.execute(ProxyPreparedStatement.java:44)
131. SELECT memberId FROM
		usingTempPw
		WHERE memberId=1
 {executed in 0 msec}
2021-08-08 00:08:47 [INFO ] jdbc.resultsettable - 
|---------|
|memberid |
|---------|
|---------|

2021-08-08 00:08:47 [DEBUG] c.e.d.dao.MemberDao.checkUsingTempPw - <==      Total: 0
2021-08-08 00:08:47 [DEBUG] org.mybatis.spring.SqlSessionUtils - Closing non transactional SqlSession [org.apache.ibatis.session.defaults.DefaultSqlSession@7a444f3b]
2021-08-08 00:08:47 [DEBUG] org.mybatis.spring.SqlSessionUtils - Creating a new SqlSession
2021-08-08 00:08:47 [DEBUG] org.mybatis.spring.SqlSessionUtils - SqlSession [org.apache.ibatis.session.defaults.DefaultSqlSession@4a14410c] was not registered for synchronization because synchronization is not active
2021-08-08 00:08:47 [DEBUG] o.s.jdbc.datasource.DataSourceUtils - Fetching JDBC Connection from DataSource
2021-08-08 00:08:47 [DEBUG] o.m.s.t.SpringManagedTransaction - JDBC Connection [HikariProxyConnection@2140610370 wrapping net.sf.log4jdbc.sql.jdbcapi.ConnectionSpy@621cdcc2] will not be managed by Spring
2021-08-08 00:08:47 [DEBUG] c.e.d.d.M.checkTooLongUsingPw - ==>  Preparing: SELECT id FROM `member` WHERE id=? AND NOW()>=DATE_ADD(updateDate, INTERVAL 30 MINUTE)
2021-08-08 00:08:47 [DEBUG] c.e.d.d.M.checkTooLongUsingPw - ==> Parameters: 1(Integer)
2021-08-08 00:08:47 [DEBUG] jdbc.sqltiming -  com.zaxxer.hikari.pool.ProxyPreparedStatement.execute(ProxyPreparedStatement.java:44)
131. SELECT id FROM
		`member`
		WHERE id=1
		AND NOW()>=DATE_ADD(updateDate, INTERVAL 30
		MINUTE)
 {executed in 1 msec}
2021-08-08 00:08:47 [INFO ] jdbc.resultsettable - 
|---|
|id |
|---|
|1  |
|---|

2021-08-08 00:08:47 [DEBUG] c.e.d.d.M.checkTooLongUsingPw - <==      Total: 1
2021-08-08 00:08:47 [DEBUG] org.mybatis.spring.SqlSessionUtils - Closing non transactional SqlSession [org.apache.ibatis.session.defaults.DefaultSqlSession@4a14410c]
2021-08-08 00:08:47 [DEBUG] org.mybatis.spring.SqlSessionUtils - Creating a new SqlSession
2021-08-08 00:08:47 [DEBUG] org.mybatis.spring.SqlSessionUtils - SqlSession [org.apache.ibatis.session.defaults.DefaultSqlSession@40e64216] was not registered for synchronization because synchronization is not active
2021-08-08 00:08:47 [DEBUG] o.s.jdbc.datasource.DataSourceUtils - Fetching JDBC Connection from DataSource
2021-08-08 00:08:47 [DEBUG] o.m.s.t.SpringManagedTransaction - JDBC Connection [HikariProxyConnection@1303962856 wrapping net.sf.log4jdbc.sql.jdbcapi.ConnectionSpy@621cdcc2] will not be managed by Spring
2021-08-08 00:08:47 [DEBUG] c.e.demo.dao.MemberDao.getMemberById - ==>  Preparing: SELECT * FROM `member` AS M WHERE M.id = ? AND M.delStatus = 0
2021-08-08 00:08:47 [DEBUG] c.e.demo.dao.MemberDao.getMemberById - ==> Parameters: 1(Integer)
2021-08-08 00:08:47 [DEBUG] jdbc.sqltiming -  com.zaxxer.hikari.pool.ProxyPreparedStatement.execute(ProxyPreparedStatement.java:44)
131. SELECT *
		FROM `member` AS M
		WHERE M.id = 1
		AND M.delStatus = 0
 {executed in 0 msec}
2021-08-08 00:08:47 [INFO ] jdbc.resultsettable - 
|---|--------------------|--------------------|--------|-----------------------------------------------------------------|------|---------|--------------------|------------|----------|--------|
|id |regdate             |updatedate          |loginid |loginpw                                                          |name  |nickname |email               |cellphoneno |delstatus |deldate |
|---|--------------------|--------------------|--------|-----------------------------------------------------------------|------|---------|--------------------|------------|----------|--------|
|1  |2021-08-05 23:33:01 |2021-08-05 23:33:01 |user1   |0a041b9462caa4a31bac3567e0b6e6fd9100787db2ab433d96f6d178cabfce90 |유저1이름 |유저1별명    |jangka512@gmail.com |01012341234 |false     |null    |
|---|--------------------|--------------------|--------|-----------------------------------------------------------------|------|---------|--------------------|------------|----------|--------|

2021-08-08 00:08:47 [DEBUG] c.e.demo.dao.MemberDao.getMemberById - <==      Total: 1
2021-08-08 00:08:47 [DEBUG] org.mybatis.spring.SqlSessionUtils - Closing non transactional SqlSession [org.apache.ibatis.session.defaults.DefaultSqlSession@40e64216]
2021-08-08 00:08:47 [DEBUG] org.mybatis.spring.SqlSessionUtils - Creating a new SqlSession
2021-08-08 00:08:47 [DEBUG] org.mybatis.spring.SqlSessionUtils - SqlSession [org.apache.ibatis.session.defaults.DefaultSqlSession@492185a1] was not registered for synchronization because synchronization is not active
2021-08-08 00:08:47 [DEBUG] o.s.jdbc.datasource.DataSourceUtils - Fetching JDBC Connection from DataSource
2021-08-08 00:08:47 [DEBUG] o.m.s.t.SpringManagedTransaction - JDBC Connection [HikariProxyConnection@693849738 wrapping net.sf.log4jdbc.sql.jdbcapi.ConnectionSpy@621cdcc2] will not be managed by Spring
2021-08-08 00:08:47 [DEBUG] c.e.d.dao.MemberDao.checkUsingTempPw - ==>  Preparing: SELECT memberId FROM usingTempPw WHERE memberId=?
2021-08-08 00:08:47 [DEBUG] c.e.d.dao.MemberDao.checkUsingTempPw - ==> Parameters: 1(Integer)
2021-08-08 00:08:47 [DEBUG] jdbc.sqltiming -  com.zaxxer.hikari.pool.ProxyPreparedStatement.execute(ProxyPreparedStatement.java:44)
131. SELECT memberId FROM
		usingTempPw
		WHERE memberId=1
 {executed in 0 msec}
2021-08-08 00:08:47 [INFO ] jdbc.resultsettable - 
|---------|
|memberid |
|---------|
|---------|

2021-08-08 00:08:47 [DEBUG] c.e.d.dao.MemberDao.checkUsingTempPw - <==      Total: 0
2021-08-08 00:08:47 [DEBUG] org.mybatis.spring.SqlSessionUtils - Closing non transactional SqlSession [org.apache.ibatis.session.defaults.DefaultSqlSession@492185a1]
2021-08-08 00:08:47 [DEBUG] org.mybatis.spring.SqlSessionUtils - Creating a new SqlSession
2021-08-08 00:08:47 [DEBUG] org.mybatis.spring.SqlSessionUtils - SqlSession [org.apache.ibatis.session.defaults.DefaultSqlSession@725adae5] was not registered for synchronization because synchronization is not active
2021-08-08 00:08:47 [DEBUG] o.s.jdbc.datasource.DataSourceUtils - Fetching JDBC Connection from DataSource
2021-08-08 00:08:47 [DEBUG] o.m.s.t.SpringManagedTransaction - JDBC Connection [HikariProxyConnection@748670098 wrapping net.sf.log4jdbc.sql.jdbcapi.ConnectionSpy@621cdcc2] will not be managed by Spring
2021-08-08 00:08:47 [DEBUG] c.e.d.d.M.checkTooLongUsingPw - ==>  Preparing: SELECT id FROM `member` WHERE id=? AND NOW()>=DATE_ADD(updateDate, INTERVAL 30 MINUTE)
2021-08-08 00:08:47 [DEBUG] c.e.d.d.M.checkTooLongUsingPw - ==> Parameters: 1(Integer)
2021-08-08 00:08:47 [DEBUG] jdbc.sqltiming -  com.zaxxer.hikari.pool.ProxyPreparedStatement.execute(ProxyPreparedStatement.java:44)
131. SELECT id FROM
		`member`
		WHERE id=1
		AND NOW()>=DATE_ADD(updateDate, INTERVAL 30
		MINUTE)
 {executed in 0 msec}
2021-08-08 00:08:47 [INFO ] jdbc.resultsettable - 
|---|
|id |
|---|
|1  |
|---|

2021-08-08 00:08:47 [DEBUG] c.e.d.d.M.checkTooLongUsingPw - <==      Total: 1
2021-08-08 00:08:47 [DEBUG] org.mybatis.spring.SqlSessionUtils - Closing non transactional SqlSession [org.apache.ibatis.session.defaults.DefaultSqlSession@725adae5]
2021-08-08 00:09:06 [DEBUG] com.zaxxer.hikari.pool.HikariPool - HikariPool-1 - Pool stats (total=10, active=0, idle=10, waiting=0)
2021-08-08 00:09:06 [DEBUG] com.zaxxer.hikari.pool.HikariPool - HikariPool-1 - Fill pool skipped, pool is at sufficient level.
2021-08-08 00:09:36 [DEBUG] com.zaxxer.hikari.pool.HikariPool - HikariPool-1 - Pool stats (total=10, active=0, idle=10, waiting=0)
2021-08-08 00:09:36 [DEBUG] com.zaxxer.hikari.pool.HikariPool - HikariPool-1 - Fill pool skipped, pool is at sufficient level.
2021-08-08 00:10:06 [DEBUG] com.zaxxer.hikari.pool.HikariPool - HikariPool-1 - Pool stats (total=10, active=0, idle=10, waiting=0)
2021-08-08 00:10:06 [DEBUG] com.zaxxer.hikari.pool.HikariPool - HikariPool-1 - Fill pool skipped, pool is at sufficient level.
2021-08-08 00:10:36 [DEBUG] com.zaxxer.hikari.pool.HikariPool - HikariPool-1 - Pool stats (total=10, active=0, idle=10, waiting=0)
2021-08-08 00:10:36 [DEBUG] com.zaxxer.hikari.pool.HikariPool - HikariPool-1 - Fill pool skipped, pool is at sufficient level.
2021-08-08 00:11:06 [DEBUG] com.zaxxer.hikari.pool.HikariPool - HikariPool-1 - Pool stats (total=10, active=0, idle=10, waiting=0)
2021-08-08 00:11:06 [DEBUG] com.zaxxer.hikari.pool.HikariPool - HikariPool-1 - Fill pool skipped, pool is at sufficient level.
2021-08-08 00:11:36 [DEBUG] com.zaxxer.hikari.pool.HikariPool - HikariPool-1 - Pool stats (total=10, active=0, idle=10, waiting=0)
2021-08-08 00:11:36 [DEBUG] com.zaxxer.hikari.pool.HikariPool - HikariPool-1 - Fill pool skipped, pool is at sufficient level.
2021-08-08 00:12:06 [DEBUG] com.zaxxer.hikari.pool.HikariPool - HikariPool-1 - Pool stats (total=10, active=0, idle=10, waiting=0)
2021-08-08 00:12:06 [DEBUG] com.zaxxer.hikari.pool.HikariPool - HikariPool-1 - Fill pool skipped, pool is at sufficient level.
2021-08-08 00:12:36 [DEBUG] com.zaxxer.hikari.pool.HikariPool - HikariPool-1 - Pool stats (total=10, active=0, idle=10, waiting=0)
2021-08-08 00:12:36 [DEBUG] com.zaxxer.hikari.pool.HikariPool - HikariPool-1 - Fill pool skipped, pool is at sufficient level.
